0:0:0:0:0:0:0:1 - - [24/Apr/2018:18:45:26 +0530] GET / HTTP/1.1 200 3523
0:0:0:0:0:0:0:1 - - [24/Apr/2018:18:45:27 +0530] GET /js/morris.js HTTP/1.1 200 60604
0:0:0:0:0:0:0:1 - - [24/Apr/2018:18:45:27 +0530] GET /css/morris.css HTTP/1.1 200 443
0:0:0:0:0:0:0:1 - - [24/Apr/2018:18:45:27 +0530] GET /js/raphael-min.js HTTP/1.1 200 90647
0:0:0:0:0:0:0:1 - - [24/Apr/2018:18:45:36 +0530] POST /login HTTP/1.1 302 -
0:0:0:0:0:0:0:1 - - [24/Apr/2018:18:45:36 +0530] GET /console HTTP/1.1 200 10743
0:0:0:0:0:0:0:1 - - [24/Apr/2018:18:45:37 +0530] GET /console/profilepicture?size=medium&username=ADMINISTRATOR HTTP/1.1 200 692
0:0:0:0:0:0:0:1 - - [24/Apr/2018:18:46:21 +0530] GET /cpanel HTTP/1.1 200 5252
0:0:0:0:0:0:0:1 - - [24/Apr/2018:18:46:25 +0530] GET /console HTTP/1.1 200 10743
0:0:0:0:0:0:0:1 - - [24/Apr/2018:18:46:25 +0530] GET /console/profilepicture?size=medium&username=ADMINISTRATOR HTTP/1.1 200 692
0:0:0:0:0:0:0:1 - - [24/Apr/2018:18:50:55 +0530] GET /cpanel HTTP/1.1 200 5252
0:0:0:0:0:0:0:1 - - [24/Apr/2018:18:50:56 +0530] GET /cpanel/users HTTP/1.1 200 5598
0:0:0:0:0:0:0:1 - - [24/Apr/2018:18:50:58 +0530] GET /cpanel/newuser HTTP/1.1 200 7604
0:0:0:0:0:0:0:1 - - [24/Apr/2018:19:00:39 +0530] GET /console HTTP/1.1 200 10743
0:0:0:0:0:0:0:1 - - [24/Apr/2018:19:00:40 +0530] GET /console/profilepicture?size=medium&username=ADMINISTRATOR HTTP/1.1 200 692
0:0:0:0:0:0:0:1 - - [24/Apr/2018:19:00:42 +0530] GET /console/newdocument?classid=1 HTTP/1.1 200 8247
0:0:0:0:0:0:0:1 - - [24/Apr/2018:19:01:04 +0530] GET /console HTTP/1.1 200 10743
0:0:0:0:0:0:0:1 - - [24/Apr/2018:19:01:04 +0530] GET /console/profilepicture?size=medium&username=ADMINISTRATOR HTTP/1.1 200 692
0:0:0:0:0:0:0:1 - - [24/Apr/2018:19:01:31 +0530] GET /console/opendocumentclass?classid=1 HTTP/1.1 200 11180
0:0:0:0:0:0:0:1 - - [24/Apr/2018:19:01:34 +0530] GET /console/viewdocument?documentid=3&revisionid=2.0 HTTP/1.1 200 16590
0:0:0:0:0:0:0:1 - - [24/Apr/2018:19:01:34 +0530] GET /js/ViewerJS/?type=pdf HTTP/1.1 200 41733
0:0:0:0:0:0:0:1 - - [24/Apr/2018:19:01:34 +0530] GET /js/ViewerJS/images/texture.png HTTP/1.1 200 2459
0:0:0:0:0:0:0:1 - - [24/Apr/2018:19:01:34 +0530] GET /js/ViewerJS/images/toolbarButton-menuArrows.png HTTP/1.1 200 237
0:0:0:0:0:0:0:1 - - [24/Apr/2018:19:01:34 +0530] GET /js/ViewerJS/images/toolbarButton-zoomOut.png HTTP/1.1 200 143
0:0:0:0:0:0:0:1 - - [24/Apr/2018:19:01:34 +0530] GET /js/ViewerJS/images/toolbarButton-zoomIn.png HTTP/1.1 200 228
0:0:0:0:0:0:0:1 - - [24/Apr/2018:19:01:35 +0530] GET /js/ViewerJS/images/toolbarButton-pageDown.png HTTP/1.1 200 353
0:0:0:0:0:0:0:1 - - [24/Apr/2018:19:01:35 +0530] GET /js/ViewerJS/images/toolbarButton-pageUp.png HTTP/1.1 200 344
0:0:0:0:0:0:0:1 - - [24/Apr/2018:19:01:36 +0530] HEAD /console/mobiledocumentviewer?documentid=3&revisionid=2.0 HTTP/1.1 200 -
0:0:0:0:0:0:0:1 - - [24/Apr/2018:19:01:36 +0530] GET /js/ViewerJS/images/kogmbh.png HTTP/1.1 200 2835
0:0:0:0:0:0:0:1 - - [24/Apr/2018:19:01:36 +0530] GET /js/ViewerJS/images/nlnet.png HTTP/1.1 200 5400
0:0:0:0:0:0:0:1 - - [24/Apr/2018:19:01:36 +0530] GET /js/ViewerJS/compatibility.js HTTP/1.1 200 17617
0:0:0:0:0:0:0:1 - - [24/Apr/2018:19:01:36 +0530] GET /js/ViewerJS/pdf.js HTTP/1.1 200 254888
0:0:0:0:0:0:0:1 - - [24/Apr/2018:19:01:36 +0530] GET /js/ViewerJS/pdfjsversion.js HTTP/1.1 200 53
0:0:0:0:0:0:0:1 - - [24/Apr/2018:19:01:36 +0530] GET /js/ViewerJS/ui_utils.js HTTP/1.1 200 11134
0:0:0:0:0:0:0:1 - - [24/Apr/2018:19:01:36 +0530] GET /js/ViewerJS/text_layer_builder.js HTTP/1.1 200 13463
0:0:0:0:0:0:0:1 - - [24/Apr/2018:19:01:36 +0530] GET /js/ViewerJS/pdf.worker.js HTTP/1.1 200 1243049
0:0:0:0:0:0:0:1 - - [24/Apr/2018:19:01:37 +0530] GET /console/mobiledocumentviewer?documentid=3&revisionid=2.0 HTTP/1.1 200 274300
0:0:0:0:0:0:0:1 - - [24/Apr/2018:19:02:07 +0530] GET /console HTTP/1.1 200 10737
0:0:0:0:0:0:0:1 - - [24/Apr/2018:19:02:07 +0530] GET /console/profilepicture?size=medium&username=ADMINISTRATOR HTTP/1.1 200 692
0:0:0:0:0:0:0:1 - - [24/Apr/2018:19:02:14 +0530] GET /cpanel HTTP/1.1 200 5252
0:0:0:0:0:0:0:1 - - [24/Apr/2018:19:02:17 +0530] GET /cpanel/managedocumentclasses HTTP/1.1 200 7288
0:0:0:0:0:0:0:1 - - [24/Apr/2018:19:02:20 +0530] GET /cpanel HTTP/1.1 200 5252
0:0:0:0:0:0:0:1 - - [24/Apr/2018:19:02:22 +0530] GET /cpanel/managedocumentclasses HTTP/1.1 200 7288
0:0:0:0:0:0:0:1 - - [24/Apr/2018:19:02:31 +0530] GET /cpanel HTTP/1.1 200 5252
0:0:0:0:0:0:0:1 - - [24/Apr/2018:19:02:33 +0530] GET /cpanel/reports HTTP/1.1 200 5627
0:0:0:0:0:0:0:1 - - [24/Apr/2018:19:02:36 +0530] GET /cpanel/useraccesshistory HTTP/1.1 200 6273
0:0:0:0:0:0:0:1 - - [24/Apr/2018:19:02:38 +0530] GET /cpanel/reports HTTP/1.1 200 5627
0:0:0:0:0:0:0:1 - - [24/Apr/2018:19:02:40 +0530] GET /cpanel/summary HTTP/1.1 200 8651
0:0:0:0:0:0:0:1 - - [24/Apr/2018:19:02:50 +0530] GET /console/myprofile HTTP/1.1 200 13375
0:0:0:0:0:0:0:1 - - [24/Apr/2018:19:02:50 +0530] GET /console/profilepicture?username=ADMINISTRATOR HTTP/1.1 200 1213
0:0:0:0:0:0:0:1 - - [24/Apr/2018:19:03:01 +0530] GET /logout HTTP/1.1 200 2687
