0:0:0:0:0:0:0:1 - - [02/May/2018:12:54:59 +0530] GET / HTTP/1.1 200 3523
0:0:0:0:0:0:0:1 - - [02/May/2018:12:55:06 +0530] POST /login HTTP/1.1 302 -
0:0:0:0:0:0:0:1 - - [02/May/2018:12:55:08 +0530] GET /console HTTP/1.1 200 10017
0:0:0:0:0:0:0:1 - - [02/May/2018:12:55:09 +0530] GET /console/profilepicture?size=medium&username=ADMINISTRATOR HTTP/1.1 200 692
0:0:0:0:0:0:0:1 - - [02/May/2018:12:55:11 +0530] GET /console/myprofile HTTP/1.1 200 13375
0:0:0:0:0:0:0:1 - - [02/May/2018:12:55:11 +0530] GET /console/profilepicture?username=ADMINISTRATOR HTTP/1.1 200 1213
0:0:0:0:0:0:0:1 - - [02/May/2018:12:55:20 +0530] GET /cpanel HTTP/1.1 200 5252
0:0:0:0:0:0:0:1 - - [02/May/2018:12:55:21 +0530] GET /console HTTP/1.1 200 10017
0:0:0:0:0:0:0:1 - - [02/May/2018:12:55:22 +0530] GET /console/profilepicture?size=medium&username=ADMINISTRATOR HTTP/1.1 200 692
0:0:0:0:0:0:0:1 - - [02/May/2018:12:55:26 +0530] GET /console/opendocumentclass?classid=1 HTTP/1.1 200 11187
0:0:0:0:0:0:0:1 - - [02/May/2018:12:55:31 +0530] GET /console/viewdocument?documentid=3&revisionid=1.0 HTTP/1.1 200 16568
0:0:0:0:0:0:0:1 - - [02/May/2018:12:55:33 +0530] HEAD /console/mobiledocumentviewer?documentid=3&revisionid=1.0 HTTP/1.1 200 -
0:0:0:0:0:0:0:1 - - [02/May/2018:12:55:33 +0530] GET /console/mobiledocumentviewer?documentid=3&revisionid=1.0 HTTP/1.1 200 274300
0:0:0:0:0:0:0:1 - - [02/May/2018:12:55:37 +0530] GET /console/checkoutdocument?documentid=3 HTTP/1.1 200 4795
0:0:0:0:0:0:0:1 - - [02/May/2018:12:55:43 +0530] GET /console/checkouts HTTP/1.1 200 4752
0:0:0:0:0:0:0:1 - - [02/May/2018:12:55:46 +0530] GET /console HTTP/1.1 200 10919
0:0:0:0:0:0:0:1 - - [02/May/2018:12:55:46 +0530] GET /console/profilepicture?size=medium&username=ADMINISTRATOR HTTP/1.1 200 692
0:0:0:0:0:0:0:1 - - [02/May/2018:12:55:57 +0530] GET /console/cancelcheckout?documentid=3&revisionid=1.0 HTTP/1.1 200 4777
0:0:0:0:0:0:0:1 - - [02/May/2018:12:56:00 +0530] GET /console HTTP/1.1 200 10066
0:0:0:0:0:0:0:1 - - [02/May/2018:12:56:01 +0530] GET /console/profilepicture?size=medium&username=ADMINISTRATOR HTTP/1.1 200 692
0:0:0:0:0:0:0:1 - - [02/May/2018:12:56:09 +0530] GET /console HTTP/1.1 200 10066
0:0:0:0:0:0:0:1 - - [02/May/2018:12:56:09 +0530] GET /console/profilepicture?size=medium&username=ADMINISTRATOR HTTP/1.1 200 692
0:0:0:0:0:0:0:1 - - [02/May/2018:12:56:13 +0530] GET /console/opendocumentclass?classid=1 HTTP/1.1 200 11187
0:0:0:0:0:0:0:1 - - [02/May/2018:12:56:15 +0530] GET /console/viewdocument?documentid=3&revisionid=1.0 HTTP/1.1 200 16569
0:0:0:0:0:0:0:1 - - [02/May/2018:12:56:16 +0530] HEAD /console/mobiledocumentviewer?documentid=3&revisionid=1.0 HTTP/1.1 200 -
0:0:0:0:0:0:0:1 - - [02/May/2018:12:56:17 +0530] GET /console/mobiledocumentviewer?documentid=3&revisionid=1.0 HTTP/1.1 200 274300
0:0:0:0:0:0:0:1 - - [02/May/2018:12:57:48 +0530] GET /console/checkoutdocument?documentid=3 HTTP/1.1 200 4945
0:0:0:0:0:0:0:1 - - [02/May/2018:12:57:48 +0530] GET /console/downloaddocument?documentid=3 HTTP/1.1 200 273311
0:0:0:0:0:0:0:1 - - [02/May/2018:12:57:53 +0530] GET /console HTTP/1.1 200 10975
0:0:0:0:0:0:0:1 - - [02/May/2018:12:57:54 +0530] GET /console/profilepicture?size=medium&username=ADMINISTRATOR HTTP/1.1 200 692
0:0:0:0:0:0:0:1 - - [02/May/2018:12:57:57 +0530] GET /console/cancelcheckout?documentid=3&revisionid=1.0 HTTP/1.1 200 4777
0:0:0:0:0:0:0:1 - - [02/May/2018:12:58:14 +0530] GET /console/myprofile HTTP/1.1 200 13375
0:0:0:0:0:0:0:1 - - [02/May/2018:12:58:14 +0530] GET /console/profilepicture?username=ADMINISTRATOR HTTP/1.1 200 1213
0:0:0:0:0:0:0:1 - - [02/May/2018:12:58:37 +0530] GET /console/myprofile HTTP/1.1 200 12966
0:0:0:0:0:0:0:1 - - [02/May/2018:12:58:37 +0530] GET /console/profilepicture?username=ADMINISTRATOR HTTP/1.1 200 1213
0:0:0:0:0:0:0:1 - - [02/May/2018:12:58:38 +0530] GET /images/favicon.ico HTTP/1.1 200 1150
0:0:0:0:0:0:0:1 - - [02/May/2018:12:59:01 +0530] GET /console/myprofile HTTP/1.1 200 12897
0:0:0:0:0:0:0:1 - - [02/May/2018:12:59:02 +0530] GET /console/profilepicture?username=ADMINISTRATOR HTTP/1.1 200 1213
0:0:0:0:0:0:0:1 - - [02/May/2018:12:59:02 +0530] GET /images/favicon.ico HTTP/1.1 200 1150
0:0:0:0:0:0:0:1 - - [02/May/2018:12:59:27 +0530] GET /console/myprofile HTTP/1.1 200 12897
0:0:0:0:0:0:0:1 - - [02/May/2018:12:59:27 +0530] GET /console/profilepicture?username=ADMINISTRATOR HTTP/1.1 200 1213
0:0:0:0:0:0:0:1 - - [02/May/2018:12:59:28 +0530] GET /images/favicon.ico HTTP/1.1 200 1150
0:0:0:0:0:0:0:1 - - [02/May/2018:12:59:33 +0530] POST /console/preferences HTTP/1.1 200 179
0:0:0:0:0:0:0:1 - - [02/May/2018:12:59:38 +0530] GET /console HTTP/1.1 200 10121
0:0:0:0:0:0:0:1 - - [02/May/2018:12:59:38 +0530] GET /console/profilepicture?size=medium&username=ADMINISTRATOR HTTP/1.1 200 692
0:0:0:0:0:0:0:1 - - [02/May/2018:12:59:41 +0530] GET /console/opendocumentclass?classid=2 HTTP/1.1 200 10993
0:0:0:0:0:0:0:1 - - [02/May/2018:12:59:43 +0530] GET /console/viewdocument?documentid=4&revisionid=1.0 HTTP/1.1 200 16478
0:0:0:0:0:0:0:1 - - [02/May/2018:12:59:44 +0530] HEAD /console/mobiledocumentviewer?documentid=4&revisionid=1.0 HTTP/1.1 200 -
0:0:0:0:0:0:0:1 - - [02/May/2018:12:59:44 +0530] GET /console/mobiledocumentviewer?documentid=4&revisionid=1.0 HTTP/1.1 200 376103
0:0:0:0:0:0:0:1 - - [02/May/2018:12:59:47 +0530] GET /console/checkoutdocument?documentid=4 HTTP/1.1 200 4945
0:0:0:0:0:0:0:1 - - [02/May/2018:12:59:47 +0530] GET /console/downloaddocument?documentid=4 HTTP/1.1 200 375115
0:0:0:0:0:0:0:1 - - [02/May/2018:12:59:51 +0530] GET /console HTTP/1.1 200 11039
0:0:0:0:0:0:0:1 - - [02/May/2018:12:59:51 +0530] GET /console/profilepicture?size=medium&username=ADMINISTRATOR HTTP/1.1 200 692
0:0:0:0:0:0:0:1 - - [02/May/2018:13:01:08 +0530] GET /console HTTP/1.1 200 11031
0:0:0:0:0:0:0:1 - - [02/May/2018:13:01:09 +0530] GET /console/profilepicture?size=medium&username=ADMINISTRATOR HTTP/1.1 200 692
0:0:0:0:0:0:0:1 - - [02/May/2018:13:01:10 +0530] GET /images/favicon.ico HTTP/1.1 200 1150
0:0:0:0:0:0:0:1 - - [02/May/2018:13:01:14 +0530] GET /console/cancelcheckout?documentid=4&revisionid=1.0 HTTP/1.1 200 4777
0:0:0:0:0:0:0:1 - - [02/May/2018:13:01:17 +0530] GET /logout HTTP/1.1 200 2687
0:0:0:0:0:0:0:1 - - [02/May/2018:13:01:19 +0530] GET / HTTP/1.1 200 3523
0:0:0:0:0:0:0:1 - - [02/May/2018:13:01:42 +0530] GET / HTTP/1.1 200 3523
0:0:0:0:0:0:0:1 - - [02/May/2018:13:01:43 +0530] GET /images/favicon.ico HTTP/1.1 200 1150
0:0:0:0:0:0:0:1 - - [02/May/2018:13:01:48 +0530] GET / HTTP/1.1 200 3523
0:0:0:0:0:0:0:1 - - [02/May/2018:13:01:49 +0530] GET /images/favicon.ico HTTP/1.1 200 1150
0:0:0:0:0:0:0:1 - - [02/May/2018:13:02:06 +0530] GET / HTTP/1.1 200 3519
0:0:0:0:0:0:0:1 - - [02/May/2018:13:02:09 +0530] GET /images/favicon.ico HTTP/1.1 200 1150
0:0:0:0:0:0:0:1 - - [02/May/2018:13:02:20 +0530] GET / HTTP/1.1 200 3520
0:0:0:0:0:0:0:1 - - [02/May/2018:13:02:21 +0530] GET /images/favicon.ico HTTP/1.1 200 1150
0:0:0:0:0:0:0:1 - - [02/May/2018:13:04:57 +0530] GET / HTTP/1.1 200 3520
0:0:0:0:0:0:0:1 - - [02/May/2018:13:04:58 +0530] GET /images/favicon.ico HTTP/1.1 200 1150
0:0:0:0:0:0:0:1 - - [02/May/2018:13:05:07 +0530] GET / HTTP/1.1 200 3520
0:0:0:0:0:0:0:1 - - [02/May/2018:13:05:08 +0530] GET /images/favicon.ico HTTP/1.1 200 1150
0:0:0:0:0:0:0:1 - - [02/May/2018:13:05:37 +0530] GET / HTTP/1.1 200 3520
0:0:0:0:0:0:0:1 - - [02/May/2018:13:05:37 +0530] GET /images/favicon.ico HTTP/1.1 200 1150
0:0:0:0:0:0:0:1 - - [02/May/2018:13:06:04 +0530] GET / HTTP/1.1 200 3520
0:0:0:0:0:0:0:1 - - [02/May/2018:13:06:04 +0530] GET /images/favicon.ico HTTP/1.1 200 1150
0:0:0:0:0:0:0:1 - - [02/May/2018:13:06:44 +0530] GET / HTTP/1.1 200 3520
0:0:0:0:0:0:0:1 - - [02/May/2018:13:06:45 +0530] GET /images/favicon.ico HTTP/1.1 200 1150
0:0:0:0:0:0:0:1 - - [02/May/2018:13:06:48 +0530] GET / HTTP/1.1 200 3520
0:0:0:0:0:0:0:1 - - [02/May/2018:13:06:48 +0530] GET /css/sticky-footer-navbar.css HTTP/1.1 200 938
0:0:0:0:0:0:0:1 - - [02/May/2018:13:06:48 +0530] GET /css/bootstrap-dialog.css HTTP/1.1 200 2554
0:0:0:0:0:0:0:1 - - [02/May/2018:13:06:48 +0530] GET /css/bootstrap.css HTTP/1.1 200 129126
0:0:0:0:0:0:0:1 - - [02/May/2018:13:06:48 +0530] GET /css/datepicker.css HTTP/1.1 200 33704
0:0:0:0:0:0:0:1 - - [02/May/2018:13:06:48 +0530] GET /css/font-awesome.css HTTP/1.1 200 25197
0:0:0:0:0:0:0:1 - - [02/May/2018:13:06:48 +0530] GET /css/colorbox.css HTTP/1.1 200 4385
0:0:0:0:0:0:0:1 - - [02/May/2018:13:06:48 +0530] GET /css/krystal.css HTTP/1.1 200 7291
0:0:0:0:0:0:0:1 - - [02/May/2018:13:06:48 +0530] GET /css/morris.css HTTP/1.1 200 443
0:0:0:0:0:0:0:1 - - [02/May/2018:13:06:48 +0530] GET /js/jquery.js HTTP/1.1 200 93435
0:0:0:0:0:0:0:1 - - [02/May/2018:13:06:49 +0530] GET /js/bootstrap-dialog.js HTTP/1.1 200 21189
0:0:0:0:0:0:0:1 - - [02/May/2018:13:06:49 +0530] GET /js/bootstrap.js HTTP/1.1 200 55258
0:0:0:0:0:0:0:1 - - [02/May/2018:13:06:49 +0530] GET /js/additional-methods.min.js HTTP/1.1 200 13819
0:0:0:0:0:0:0:1 - - [02/May/2018:13:06:49 +0530] GET /js/bootstrap-datepicker.js HTTP/1.1 200 46821
0:0:0:0:0:0:0:1 - - [02/May/2018:13:06:49 +0530] GET /js/odometer.min.js HTTP/1.1 200 9896
0:0:0:0:0:0:0:1 - - [02/May/2018:13:06:49 +0530] GET / HTTP/1.1 200 3520
0:0:0:0:0:0:0:1 - - [02/May/2018:13:06:49 +0530] GET /js/morris.js HTTP/1.1 200 60604
0:0:0:0:0:0:0:1 - - [02/May/2018:13:06:49 +0530] GET /css/krystal.css HTTP/1.1 304 -
0:0:0:0:0:0:0:1 - - [02/May/2018:13:06:49 +0530] GET /js/bootstrap.js HTTP/1.1 200 55258
0:0:0:0:0:0:0:1 - - [02/May/2018:13:06:49 +0530] GET /js/jquery.highlight.js HTTP/1.1 200 4089
0:0:0:0:0:0:0:1 - - [02/May/2018:13:06:49 +0530] GET /js/jquery.validate.min.js HTTP/1.1 200 21069
0:0:0:0:0:0:0:1 - - [02/May/2018:13:06:49 +0530] GET /js/morris.js HTTP/1.1 200 60604
0:0:0:0:0:0:0:1 - - [02/May/2018:13:06:49 +0530] GET /js/raphael-min.js HTTP/1.1 200 90647
0:0:0:0:0:0:0:1 - - [02/May/2018:13:06:49 +0530] GET /js/jquery.colorbox-min.js HTTP/1.1 200 -
0:0:0:0:0:0:0:1 - - [02/May/2018:13:06:49 +0530] GET /js/jquery.colorbox-min.js HTTP/1.1 200 11095
0:0:0:0:0:0:0:1 - - [02/May/2018:13:06:49 +0530] GET /js/typeahead.min.js HTTP/1.1 200 21804
0:0:0:0:0:0:0:1 - - [02/May/2018:13:06:49 +0530] GET /js/scripts.js HTTP/1.1 200 16197
0:0:0:0:0:0:0:1 - - [02/May/2018:13:06:50 +0530] GET /images/favicon.ico HTTP/1.1 200 1150
0:0:0:0:0:0:0:1 - - [02/May/2018:13:07:01 +0530] GET / HTTP/1.1 200 3520
0:0:0:0:0:0:0:1 - - [02/May/2018:13:07:01 +0530] GET /css/krystal.css HTTP/1.1 200 7292
0:0:0:0:0:0:0:1 - - [02/May/2018:13:07:01 +0530] GET /images/favicon.ico HTTP/1.1 200 1150
0:0:0:0:0:0:0:1 - - [02/May/2018:13:07:03 +0530] GET / HTTP/1.1 200 3520
0:0:0:0:0:0:0:1 - - [02/May/2018:13:07:03 +0530] GET /css/bootstrap.css HTTP/1.1 200 129126
0:0:0:0:0:0:0:1 - - [02/May/2018:13:07:03 +0530] GET /css/bootstrap-dialog.css HTTP/1.1 200 2554
0:0:0:0:0:0:0:1 - - [02/May/2018:13:07:03 +0530] GET /css/datepicker.css HTTP/1.1 200 33704
0:0:0:0:0:0:0:1 - - [02/May/2018:13:07:03 +0530] GET /css/sticky-footer-navbar.css HTTP/1.1 200 938
0:0:0:0:0:0:0:1 - - [02/May/2018:13:07:03 +0530] GET /css/colorbox.css HTTP/1.1 200 4385
0:0:0:0:0:0:0:1 - - [02/May/2018:13:07:03 +0530] GET /css/font-awesome.css HTTP/1.1 200 25197
0:0:0:0:0:0:0:1 - - [02/May/2018:13:07:04 +0530] GET /css/krystal.css HTTP/1.1 200 7292
0:0:0:0:0:0:0:1 - - [02/May/2018:13:07:04 +0530] GET /css/morris.css HTTP/1.1 200 443
0:0:0:0:0:0:0:1 - - [02/May/2018:13:07:04 +0530] GET /js/jquery.js HTTP/1.1 200 93435
0:0:0:0:0:0:0:1 - - [02/May/2018:13:07:04 +0530] GET /js/additional-methods.min.js HTTP/1.1 200 13819
0:0:0:0:0:0:0:1 - - [02/May/2018:13:07:04 +0530] GET /js/odometer.min.js HTTP/1.1 200 9896
0:0:0:0:0:0:0:1 - - [02/May/2018:13:07:04 +0530] GET /js/jquery.validate.min.js HTTP/1.1 200 21069
0:0:0:0:0:0:0:1 - - [02/May/2018:13:07:04 +0530] GET /js/bootstrap.js HTTP/1.1 200 55258
0:0:0:0:0:0:0:1 - - [02/May/2018:13:07:04 +0530] GET /js/bootstrap-dialog.js HTTP/1.1 200 21189
0:0:0:0:0:0:0:1 - - [02/May/2018:13:07:04 +0530] GET /js/bootstrap-datepicker.js HTTP/1.1 200 46821
0:0:0:0:0:0:0:1 - - [02/May/2018:13:07:04 +0530] GET /js/jquery.highlight.js HTTP/1.1 200 4089
0:0:0:0:0:0:0:1 - - [02/May/2018:13:07:04 +0530] GET /js/jquery.colorbox-min.js HTTP/1.1 200 11095
0:0:0:0:0:0:0:1 - - [02/May/2018:13:07:04 +0530] GET /js/typeahead.min.js HTTP/1.1 200 21804
0:0:0:0:0:0:0:1 - - [02/May/2018:13:07:04 +0530] GET /js/raphael-min.js HTTP/1.1 200 90647
0:0:0:0:0:0:0:1 - - [02/May/2018:13:07:04 +0530] GET /js/morris.js HTTP/1.1 200 60604
0:0:0:0:0:0:0:1 - - [02/May/2018:13:07:04 +0530] GET /js/scripts.js HTTP/1.1 200 16197
0:0:0:0:0:0:0:1 - - [02/May/2018:13:07:04 +0530] GET /images/krystal.png HTTP/1.1 200 7835
0:0:0:0:0:0:0:1 - - [02/May/2018:13:07:04 +0530] GET /images/primeleaf.jpg HTTP/1.1 200 1719
0:0:0:0:0:0:0:1 - - [02/May/2018:13:07:04 +0530] GET /fonts/fontawesome-webfont.woff?v=4.1.0 HTTP/1.1 200 83760
0:0:0:0:0:0:0:1 - - [02/May/2018:13:07:04 +0530] GET /fonts/krystaldms-opensans.woff HTTP/1.1 200 20544
0:0:0:0:0:0:0:1 - - [02/May/2018:13:07:04 +0530] GET /images/overlay.png HTTP/1.1 200 182
0:0:0:0:0:0:0:1 - - [02/May/2018:13:07:04 +0530] GET /fonts/krystaldms-opensanslight.woff HTTP/1.1 200 21744
0:0:0:0:0:0:0:1 - - [02/May/2018:13:07:04 +0530] GET / HTTP/1.1 200 3520
0:0:0:0:0:0:0:1 - - [02/May/2018:13:07:04 +0530] GET /css/krystal.css HTTP/1.1 304 -
0:0:0:0:0:0:0:1 - - [02/May/2018:13:07:05 +0530] GET /images/favicon.ico HTTP/1.1 200 1150
0:0:0:0:0:0:0:1 - - [02/May/2018:13:07:15 +0530] POST /login HTTP/1.1 302 -
0:0:0:0:0:0:0:1 - - [02/May/2018:13:07:15 +0530] GET /console HTTP/1.1 200 10105
0:0:0:0:0:0:0:1 - - [02/May/2018:13:07:15 +0530] GET /css/krystal.css HTTP/1.1 304 -
0:0:0:0:0:0:0:1 - - [02/May/2018:13:07:15 +0530] GET /console/profilepicture?size=medium&username=ADMINISTRATOR HTTP/1.1 200 692
0:0:0:0:0:0:0:1 - - [02/May/2018:13:07:19 +0530] GET /logout HTTP/1.1 200 2687
0:0:0:0:0:0:0:1 - - [02/May/2018:13:07:19 +0530] GET /css/krystal.css HTTP/1.1 304 -
0:0:0:0:0:0:0:1 - - [02/May/2018:13:07:42 +0530] GET /logout HTTP/1.1 200 2684
0:0:0:0:0:0:0:1 - - [02/May/2018:13:07:42 +0530] GET /css/krystal.css HTTP/1.1 304 -
0:0:0:0:0:0:0:1 - - [02/May/2018:13:07:43 +0530] GET /images/favicon.ico HTTP/1.1 200 1150
0:0:0:0:0:0:0:1 - - [02/May/2018:13:08:00 +0530] GET /logout HTTP/1.1 200 2684
0:0:0:0:0:0:0:1 - - [02/May/2018:13:08:00 +0530] GET /css/krystal.css HTTP/1.1 200 7292
0:0:0:0:0:0:0:1 - - [02/May/2018:13:08:01 +0530] GET /images/favicon.ico HTTP/1.1 200 1150
0:0:0:0:0:0:0:1 - - [02/May/2018:13:08:03 +0530] GET /logout HTTP/1.1 200 2684
0:0:0:0:0:0:0:1 - - [02/May/2018:13:08:03 +0530] GET /css/bootstrap.css HTTP/1.1 200 129126
0:0:0:0:0:0:0:1 - - [02/May/2018:13:08:03 +0530] GET /css/bootstrap-dialog.css HTTP/1.1 200 2554
0:0:0:0:0:0:0:1 - - [02/May/2018:13:08:03 +0530] GET /css/sticky-footer-navbar.css HTTP/1.1 200 938
0:0:0:0:0:0:0:1 - - [02/May/2018:13:08:03 +0530] GET /css/colorbox.css HTTP/1.1 200 4385
0:0:0:0:0:0:0:1 - - [02/May/2018:13:08:03 +0530] GET /css/font-awesome.css HTTP/1.1 200 25197
0:0:0:0:0:0:0:1 - - [02/May/2018:13:08:03 +0530] GET /css/datepicker.css HTTP/1.1 200 33704
0:0:0:0:0:0:0:1 - - [02/May/2018:13:08:03 +0530] GET /css/krystal.css HTTP/1.1 200 7292
0:0:0:0:0:0:0:1 - - [02/May/2018:13:08:03 +0530] GET /css/morris.css HTTP/1.1 200 443
0:0:0:0:0:0:0:1 - - [02/May/2018:13:08:03 +0530] GET /js/jquery.js HTTP/1.1 200 93435
0:0:0:0:0:0:0:1 - - [02/May/2018:13:08:03 +0530] GET /js/jquery.validate.min.js HTTP/1.1 200 21069
0:0:0:0:0:0:0:1 - - [02/May/2018:13:08:03 +0530] GET /js/additional-methods.min.js HTTP/1.1 200 13819
0:0:0:0:0:0:0:1 - - [02/May/2018:13:08:03 +0530] GET /js/odometer.min.js HTTP/1.1 200 9896
0:0:0:0:0:0:0:1 - - [02/May/2018:13:08:03 +0530] GET /js/bootstrap-dialog.js HTTP/1.1 200 21189
0:0:0:0:0:0:0:1 - - [02/May/2018:13:08:03 +0530] GET /js/bootstrap-datepicker.js HTTP/1.1 200 46821
0:0:0:0:0:0:0:1 - - [02/May/2018:13:08:03 +0530] GET /js/bootstrap.js HTTP/1.1 200 55258
0:0:0:0:0:0:0:1 - - [02/May/2018:13:08:03 +0530] GET /js/typeahead.min.js HTTP/1.1 200 21804
0:0:0:0:0:0:0:1 - - [02/May/2018:13:08:03 +0530] GET /js/jquery.highlight.js HTTP/1.1 200 4089
0:0:0:0:0:0:0:1 - - [02/May/2018:13:08:03 +0530] GET /js/jquery.colorbox-min.js HTTP/1.1 200 11095
0:0:0:0:0:0:0:1 - - [02/May/2018:13:08:03 +0530] GET /js/morris.js HTTP/1.1 200 60604
0:0:0:0:0:0:0:1 - - [02/May/2018:13:08:03 +0530] GET /js/raphael-min.js HTTP/1.1 200 90647
0:0:0:0:0:0:0:1 - - [02/May/2018:13:08:03 +0530] GET /js/scripts.js HTTP/1.1 200 16197
0:0:0:0:0:0:0:1 - - [02/May/2018:13:08:03 +0530] GET /images/krystal.png HTTP/1.1 200 7835
0:0:0:0:0:0:0:1 - - [02/May/2018:13:08:03 +0530] GET /images/primeleaf.jpg HTTP/1.1 200 1719
0:0:0:0:0:0:0:1 - - [02/May/2018:13:08:03 +0530] GET /fonts/fontawesome-webfont.woff?v=4.1.0 HTTP/1.1 200 83760
0:0:0:0:0:0:0:1 - - [02/May/2018:13:08:03 +0530] GET /fonts/krystaldms-opensanslight.woff HTTP/1.1 200 21744
0:0:0:0:0:0:0:1 - - [02/May/2018:13:08:03 +0530] GET /fonts/krystaldms-opensans.woff HTTP/1.1 200 20544
0:0:0:0:0:0:0:1 - - [02/May/2018:13:08:03 +0530] GET /images/overlay.png HTTP/1.1 200 182
0:0:0:0:0:0:0:1 - - [02/May/2018:13:08:03 +0530] GET /images/favicon.ico HTTP/1.1 200 1150
0:0:0:0:0:0:0:1 - - [02/May/2018:13:08:23 +0530] GET / HTTP/1.1 200 3520
0:0:0:0:0:0:0:1 - - [02/May/2018:13:08:23 +0530] GET /css/krystal.css HTTP/1.1 304 -
0:0:0:0:0:0:0:1 - - [02/May/2018:13:09:07 +0530] GET / HTTP/1.1 200 3520
0:0:0:0:0:0:0:1 - - [02/May/2018:13:09:07 +0530] GET /css/krystal.css HTTP/1.1 304 -
0:0:0:0:0:0:0:1 - - [02/May/2018:13:09:07 +0530] GET /images/favicon.ico HTTP/1.1 200 1150
0:0:0:0:0:0:0:1 - - [02/May/2018:13:12:02 +0530] GET / HTTP/1.1 200 3520
0:0:0:0:0:0:0:1 - - [02/May/2018:13:12:02 +0530] GET /css/krystal.css HTTP/1.1 200 7292
0:0:0:0:0:0:0:1 - - [02/May/2018:13:12:03 +0530] GET /images/favicon.ico HTTP/1.1 200 1150
0:0:0:0:0:0:0:1 - - [02/May/2018:15:21:17 +0530] GET / HTTP/1.1 200 3520
0:0:0:0:0:0:0:1 - - [02/May/2018:15:21:17 +0530] GET /css/krystal.css HTTP/1.1 304 -
0:0:0:0:0:0:0:1 - - [02/May/2018:15:21:23 +0530] POST /login HTTP/1.1 302 -
0:0:0:0:0:0:0:1 - - [02/May/2018:15:21:24 +0530] GET /console HTTP/1.1 200 10035
0:0:0:0:0:0:0:1 - - [02/May/2018:15:21:25 +0530] GET /console/profilepicture?size=medium&username=ADMINISTRATOR HTTP/1.1 200 692
0:0:0:0:0:0:0:1 - - [02/May/2018:15:21:29 +0530] GET /cpanel HTTP/1.1 200 5252
0:0:0:0:0:0:0:1 - - [02/May/2018:15:21:31 +0530] GET /cpanel/managedocumentclasses HTTP/1.1 200 7262
0:0:0:0:0:0:0:1 - - [02/May/2018:15:21:32 +0530] GET /cpanel/permissions?classid=1 HTTP/1.1 200 8820
0:0:0:0:0:0:0:1 - - [02/May/2018:15:21:35 +0530] GET /console HTTP/1.1 200 10035
0:0:0:0:0:0:0:1 - - [02/May/2018:15:21:35 +0530] GET /console/profilepicture?size=medium&username=ADMINISTRATOR HTTP/1.1 200 692
0:0:0:0:0:0:0:1 - - [02/May/2018:15:21:36 +0530] GET /cpanel HTTP/1.1 200 5252
0:0:0:0:0:0:0:1 - - [02/May/2018:15:21:38 +0530] GET /cpanel/managedocumentclasses HTTP/1.1 200 7262
0:0:0:0:0:0:0:1 - - [02/May/2018:15:21:40 +0530] GET /cpanel/classindexes?classid=1 HTTP/1.1 200 15033
0:0:0:0:0:0:0:1 - - [02/May/2018:15:22:28 +0530] GET /cpanel/classindexes?classid=1 HTTP/1.1 200 15033
0:0:0:0:0:0:0:1 - - [02/May/2018:15:22:29 +0530] GET /images/favicon.ico HTTP/1.1 200 1150
0:0:0:0:0:0:0:1 - - [02/May/2018:15:22:43 +0530] POST /cpanel/newclassindex HTTP/1.1 200 16646
0:0:0:0:0:0:0:1 - - [02/May/2018:15:22:50 +0530] GET /cpanel/deleteclassindex?name=1&classid=1 HTTP/1.1 200 15212
0:0:0:0:0:0:0:1 - - [02/May/2018:15:23:10 +0530] GET /cpanel/deleteclassindex?name=1&classid=1 HTTP/1.1 200 15196
0:0:0:0:0:0:0:1 - - [02/May/2018:15:23:11 +0530] GET /images/favicon.ico HTTP/1.1 200 1150
0:0:0:0:0:0:0:1 - - [02/May/2018:15:23:20 +0530] GET /cpanel/managedocumentclasses HTTP/1.1 200 7262
0:0:0:0:0:0:0:1 - - [02/May/2018:15:23:27 +0530] GET /logout HTTP/1.1 200 2684
