0:0:0:0:0:0:0:1 - - [30/Apr/2018:10:53:11 +0530] GET / HTTP/1.1 200 3523
0:0:0:0:0:0:0:1 - - [30/Apr/2018:10:53:13 +0530] GET /js/scripts.js HTTP/1.1 200 16197
0:0:0:0:0:0:0:1 - - [30/Apr/2018:16:01:22 +0530] GET / HTTP/1.1 200 3523
0:0:0:0:0:0:0:1 - - [30/Apr/2018:16:01:22 +0530] GET /css/bootstrap.css HTTP/1.1 200 129126
0:0:0:0:0:0:0:1 - - [30/Apr/2018:16:01:22 +0530] GET /css/sticky-footer-navbar.css HTTP/1.1 200 938
0:0:0:0:0:0:0:1 - - [30/Apr/2018:16:01:22 +0530] GET /css/bootstrap-dialog.css HTTP/1.1 200 2554
0:0:0:0:0:0:0:1 - - [30/Apr/2018:16:01:22 +0530] GET /css/colorbox.css HTTP/1.1 200 4385
0:0:0:0:0:0:0:1 - - [30/Apr/2018:16:01:22 +0530] GET /css/font-awesome.css HTTP/1.1 200 25197
0:0:0:0:0:0:0:1 - - [30/Apr/2018:16:01:22 +0530] GET /css/datepicker.css HTTP/1.1 200 33704
0:0:0:0:0:0:0:1 - - [30/Apr/2018:16:01:22 +0530] GET /js/jquery.js HTTP/1.1 200 93435
0:0:0:0:0:0:0:1 - - [30/Apr/2018:16:01:22 +0530] GET /css/morris.css HTTP/1.1 200 443
0:0:0:0:0:0:0:1 - - [30/Apr/2018:16:01:23 +0530] GET /css/krystal.css HTTP/1.1 200 7246
0:0:0:0:0:0:0:1 - - [30/Apr/2018:16:01:23 +0530] GET /js/additional-methods.min.js HTTP/1.1 200 13819
0:0:0:0:0:0:0:1 - - [30/Apr/2018:16:01:23 +0530] GET /js/bootstrap.js HTTP/1.1 200 55258
0:0:0:0:0:0:0:1 - - [30/Apr/2018:16:01:23 +0530] GET /js/bootstrap-dialog.js HTTP/1.1 200 21189
0:0:0:0:0:0:0:1 - - [30/Apr/2018:16:01:23 +0530] GET /js/odometer.min.js HTTP/1.1 200 9896
0:0:0:0:0:0:0:1 - - [30/Apr/2018:16:01:23 +0530] GET /js/bootstrap-datepicker.js HTTP/1.1 200 46821
0:0:0:0:0:0:0:1 - - [30/Apr/2018:16:01:23 +0530] GET /js/jquery.highlight.js HTTP/1.1 200 4089
0:0:0:0:0:0:0:1 - - [30/Apr/2018:16:01:23 +0530] GET /js/morris.js HTTP/1.1 200 60604
0:0:0:0:0:0:0:1 - - [30/Apr/2018:16:01:23 +0530] GET /js/jquery.validate.min.js HTTP/1.1 200 21069
0:0:0:0:0:0:0:1 - - [30/Apr/2018:16:01:23 +0530] GET /js/raphael-min.js HTTP/1.1 200 90647
0:0:0:0:0:0:0:1 - - [30/Apr/2018:16:01:23 +0530] GET /js/jquery.colorbox-min.js HTTP/1.1 200 11095
0:0:0:0:0:0:0:1 - - [30/Apr/2018:16:01:23 +0530] GET /js/typeahead.min.js HTTP/1.1 200 21804
0:0:0:0:0:0:0:1 - - [30/Apr/2018:16:01:23 +0530] GET /images/krystal.png HTTP/1.1 200 7835
0:0:0:0:0:0:0:1 - - [30/Apr/2018:16:01:23 +0530] GET /images/primeleaf.jpg HTTP/1.1 200 1719
0:0:0:0:0:0:0:1 - - [30/Apr/2018:16:01:23 +0530] GET /js/scripts.js HTTP/1.1 200 16197
0:0:0:0:0:0:0:1 - - [30/Apr/2018:16:01:23 +0530] GET /fonts/fontawesome-webfont.woff?v=4.1.0 HTTP/1.1 200 83760
0:0:0:0:0:0:0:1 - - [30/Apr/2018:16:01:24 +0530] GET /fonts/krystaldms-opensanslight.woff HTTP/1.1 200 21744
0:0:0:0:0:0:0:1 - - [30/Apr/2018:16:01:24 +0530] GET /fonts/krystaldms-opensans.woff HTTP/1.1 200 20544
0:0:0:0:0:0:0:1 - - [30/Apr/2018:16:01:24 +0530] GET /images/overlay.png HTTP/1.1 200 182
0:0:0:0:0:0:0:1 - - [30/Apr/2018:16:01:24 +0530] GET /images/favicon.ico HTTP/1.1 200 1150
0:0:0:0:0:0:0:1 - - [30/Apr/2018:16:01:29 +0530] POST /login HTTP/1.1 302 -
0:0:0:0:0:0:0:1 - - [30/Apr/2018:16:01:31 +0530] GET /console HTTP/1.1 200 10067
0:0:0:0:0:0:0:1 - - [30/Apr/2018:16:01:32 +0530] GET /fonts/krystaldms-opensansbold.woff HTTP/1.1 200 21272
0:0:0:0:0:0:0:1 - - [30/Apr/2018:16:01:32 +0530] GET /console/profilepicture?size=medium&username=ADMINISTRATOR HTTP/1.1 200 692
0:0:0:0:0:0:0:1 - - [30/Apr/2018:16:01:39 +0530] GET /console/opendocumentclass?classid=1 HTTP/1.1 200 10165
0:0:0:0:0:0:0:1 - - [30/Apr/2018:16:01:39 +0530] GET /images/JPG.gif HTTP/1.1 200 942
0:0:0:0:0:0:0:1 - - [30/Apr/2018:16:01:39 +0530] GET /fonts/krystaldms-opensansitalic.woff HTTP/1.1 200 20224
0:0:0:0:0:0:0:1 - - [30/Apr/2018:16:01:49 +0530] GET /console/viewdocument?documentid=3&revisionid=1.0 HTTP/1.1 200 15425
0:0:0:0:0:0:0:1 - - [30/Apr/2018:16:01:49 +0530] GET /js/ViewerJS/?type=pdf HTTP/1.1 200 41733
0:0:0:0:0:0:0:1 - - [30/Apr/2018:16:01:49 +0530] GET /js/ViewerJS/images/texture.png HTTP/1.1 200 2459
0:0:0:0:0:0:0:1 - - [30/Apr/2018:16:01:49 +0530] GET /js/ViewerJS/images/toolbarButton-zoomIn.png HTTP/1.1 200 228
0:0:0:0:0:0:0:1 - - [30/Apr/2018:16:01:49 +0530] GET /js/ViewerJS/images/toolbarButton-zoomOut.png HTTP/1.1 200 143
0:0:0:0:0:0:0:1 - - [30/Apr/2018:16:01:49 +0530] GET /js/ViewerJS/images/toolbarButton-pageUp.png HTTP/1.1 200 344
0:0:0:0:0:0:0:1 - - [30/Apr/2018:16:01:49 +0530] GET /js/ViewerJS/images/toolbarButton-menuArrows.png HTTP/1.1 200 237
0:0:0:0:0:0:0:1 - - [30/Apr/2018:16:01:49 +0530] GET /js/ViewerJS/images/toolbarButton-pageDown.png HTTP/1.1 200 353
0:0:0:0:0:0:0:1 - - [30/Apr/2018:16:01:50 +0530] HEAD /console/mobiledocumentviewer?documentid=3&revisionid=1.0 HTTP/1.1 200 -
0:0:0:0:0:0:0:1 - - [30/Apr/2018:16:01:50 +0530] GET /js/ViewerJS/images/nlnet.png HTTP/1.1 200 5400
0:0:0:0:0:0:0:1 - - [30/Apr/2018:16:01:50 +0530] GET /js/ViewerJS/images/kogmbh.png HTTP/1.1 200 2835
0:0:0:0:0:0:0:1 - - [30/Apr/2018:16:01:50 +0530] GET /js/ViewerJS/compatibility.js HTTP/1.1 200 17617
0:0:0:0:0:0:0:1 - - [30/Apr/2018:16:01:50 +0530] GET /js/ViewerJS/pdf.js HTTP/1.1 200 254888
0:0:0:0:0:0:0:1 - - [30/Apr/2018:16:01:50 +0530] GET /js/ViewerJS/pdfjsversion.js HTTP/1.1 200 53
0:0:0:0:0:0:0:1 - - [30/Apr/2018:16:01:50 +0530] GET /js/ViewerJS/ui_utils.js HTTP/1.1 200 11134
0:0:0:0:0:0:0:1 - - [30/Apr/2018:16:01:50 +0530] GET /js/ViewerJS/text_layer_builder.js HTTP/1.1 200 13463
0:0:0:0:0:0:0:1 - - [30/Apr/2018:16:01:50 +0530] GET /js/ViewerJS/pdf.worker.js HTTP/1.1 200 1243049
0:0:0:0:0:0:0:1 - - [30/Apr/2018:16:01:51 +0530] GET /console/mobiledocumentviewer?documentid=3&revisionid=1.0 HTTP/1.1 200 274300
0:0:0:0:0:0:0:1 - - [30/Apr/2018:16:01:54 +0530] GET /cpanel HTTP/1.1 200 5252
0:0:0:0:0:0:0:1 - - [30/Apr/2018:16:01:55 +0530] GET /cpanel/managedocumentclasses HTTP/1.1 200 7262
0:0:0:0:0:0:0:1 - - [30/Apr/2018:16:01:57 +0530] GET /cpanel/classindexes?classid=1 HTTP/1.1 200 7722
0:0:0:0:0:0:0:1 - - [30/Apr/2018:16:02:00 +0530] GET /cpanel/managedocumentclasses HTTP/1.1 200 7262
0:0:0:0:0:0:0:1 - - [30/Apr/2018:16:02:01 +0530] GET /cpanel/classindexes?classid=3 HTTP/1.1 200 7712
0:0:0:0:0:0:0:1 - - [30/Apr/2018:16:02:03 +0530] GET /cpanel HTTP/1.1 200 5252
0:0:0:0:0:0:0:1 - - [30/Apr/2018:16:02:05 +0530] GET /cpanel/managecheckouts HTTP/1.1 200 6082
0:0:0:0:0:0:0:1 - - [30/Apr/2018:16:02:07 +0530] POST /cpanel/managecheckouts HTTP/1.1 200 6264
0:0:0:0:0:0:0:1 - - [30/Apr/2018:16:02:10 +0530] GET /console HTTP/1.1 200 10049
0:0:0:0:0:0:0:1 - - [30/Apr/2018:16:02:10 +0530] GET /console/profilepicture?size=medium&username=ADMINISTRATOR HTTP/1.1 200 692
0:0:0:0:0:0:0:1 - - [30/Apr/2018:16:02:16 +0530] GET /logout HTTP/1.1 200 2687
0:0:0:0:0:0:0:1 - - [30/Apr/2018:16:02:17 +0530] GET / HTTP/1.1 200 3523
0:0:0:0:0:0:0:1 - - [30/Apr/2018:16:04:09 +0530] GET / HTTP/1.1 200 3523
0:0:0:0:0:0:0:1 - - [30/Apr/2018:16:04:15 +0530] POST /login HTTP/1.1 302 -
0:0:0:0:0:0:0:1 - - [30/Apr/2018:16:04:16 +0530] GET /console HTTP/1.1 200 9993
0:0:0:0:0:0:0:1 - - [30/Apr/2018:16:04:17 +0530] GET /console/profilepicture?size=medium&username=ADMINISTRATOR HTTP/1.1 200 692
0:0:0:0:0:0:0:1 - - [30/Apr/2018:16:04:19 +0530] GET /console/opendocumentclass?classid=1 HTTP/1.1 200 10165
0:0:0:0:0:0:0:1 - - [30/Apr/2018:16:04:22 +0530] GET /cpanel HTTP/1.1 200 5252
0:0:0:0:0:0:0:1 - - [30/Apr/2018:16:04:23 +0530] GET /cpanel/managedocumentclasses HTTP/1.1 200 7262
0:0:0:0:0:0:0:1 - - [30/Apr/2018:16:04:24 +0530] GET /cpanel/classindexes?classid=1 HTTP/1.1 200 7722
0:0:0:0:0:0:0:1 - - [30/Apr/2018:16:04:30 +0530] GET /cpanel/managedocumentclasses HTTP/1.1 200 7262
0:0:0:0:0:0:0:1 - - [30/Apr/2018:16:04:33 +0530] GET /logout HTTP/1.1 200 2687
0:0:0:0:0:0:0:1 - - [30/Apr/2018:16:04:35 +0530] GET / HTTP/1.1 200 3523
0:0:0:0:0:0:0:1 - - [30/Apr/2018:18:48:00 +0530] GET / HTTP/1.1 200 3523
0:0:0:0:0:0:0:1 - - [30/Apr/2018:18:48:06 +0530] POST /login HTTP/1.1 302 -
0:0:0:0:0:0:0:1 - - [30/Apr/2018:18:48:08 +0530] GET /console HTTP/1.1 200 10024
0:0:0:0:0:0:0:1 - - [30/Apr/2018:18:48:09 +0530] GET /console/profilepicture?size=medium&username=ADMINISTRATOR HTTP/1.1 200 692
0:0:0:0:0:0:0:1 - - [30/Apr/2018:18:48:14 +0530] GET /console/opendocumentclass?classid=1 HTTP/1.1 200 11187
0:0:0:0:0:0:0:1 - - [30/Apr/2018:18:48:21 +0530] GET /console/opendocumentclass?&classid=1&orderBy=AMOUNT&orderType=A HTTP/1.1 200 11221
0:0:0:0:0:0:0:1 - - [30/Apr/2018:18:48:22 +0530] GET /console/opendocumentclass?&classid=1&orderBy=AMOUNT&orderType=D HTTP/1.1 200 11222
0:0:0:0:0:0:0:1 - - [30/Apr/2018:18:48:27 +0530] GET /console/viewdocument?documentid=2&revisionid=1.0 HTTP/1.1 200 16586
0:0:0:0:0:0:0:1 - - [30/Apr/2018:18:48:29 +0530] HEAD /console/mobiledocumentviewer?documentid=2&revisionid=1.0 HTTP/1.1 200 -
0:0:0:0:0:0:0:1 - - [30/Apr/2018:18:48:29 +0530] GET /console/mobiledocumentviewer?documentid=2&revisionid=1.0 HTTP/1.1 200 223445
0:0:0:0:0:0:0:1 - - [30/Apr/2018:18:48:39 +0530] GET /console/documentnotes?documentid=2&revisionid=1.0 HTTP/1.1 200 212
0:0:0:0:0:0:0:1 - - [30/Apr/2018:18:48:41 +0530] GET /console/accesshistory?documentid=2&revisionid=1.0 HTTP/1.1 200 1277
0:0:0:0:0:0:0:1 - - [30/Apr/2018:18:48:45 +0530] GET /logout HTTP/1.1 200 2687
0:0:0:0:0:0:0:1 - - [30/Apr/2018:18:48:47 +0530] GET / HTTP/1.1 200 3523
