0:0:0:0:0:0:0:1 - - [27/Apr/2018:12:01:19 +0530] GET / HTTP/1.1 200 3523
0:0:0:0:0:0:0:1 - - [27/Apr/2018:12:01:31 +0530] POST /login HTTP/1.1 302 -
0:0:0:0:0:0:0:1 - - [27/Apr/2018:12:01:31 +0530] GET /console HTTP/1.1 200 9918
0:0:0:0:0:0:0:1 - - [27/Apr/2018:12:01:32 +0530] GET /console/profilepicture?size=medium&username=ADMINISTRATOR HTTP/1.1 200 692
0:0:0:0:0:0:0:1 - - [27/Apr/2018:12:01:52 +0530] GET /console/opendocumentclass?classid=1 HTTP/1.1 200 11180
0:0:0:0:0:0:0:1 - - [27/Apr/2018:12:02:04 +0530] GET /console/searchdocumentclass?classid=1 HTTP/1.1 200 14110
0:0:0:0:0:0:0:1 - - [27/Apr/2018:12:02:06 +0530] GET /console HTTP/1.1 200 9920
0:0:0:0:0:0:0:1 - - [27/Apr/2018:12:02:06 +0530] GET /console/profilepicture?size=medium&username=ADMINISTRATOR HTTP/1.1 200 692
0:0:0:0:0:0:0:1 - - [27/Apr/2018:12:02:09 +0530] GET /console/opendocumentclass?classid=3 HTTP/1.1 200 15106
0:0:0:0:0:0:0:1 - - [27/Apr/2018:12:02:32 +0530] GET /console/opendocumentclass?classid=3 HTTP/1.1 200 15106
0:0:0:0:0:0:0:1 - - [27/Apr/2018:12:02:33 +0530] GET /images/favicon.ico HTTP/1.1 200 1150
0:0:0:0:0:0:0:1 - - [27/Apr/2018:12:02:37 +0530] GET /console/viewdocument?documentid=14&revisionid=1.0 HTTP/1.1 200 16456
0:0:0:0:0:0:0:1 - - [27/Apr/2018:12:02:38 +0530] HEAD /console/mobiledocumentviewer?documentid=14&revisionid=1.0 HTTP/1.1 200 -
0:0:0:0:0:0:0:1 - - [27/Apr/2018:12:02:38 +0530] GET /console/mobiledocumentviewer?documentid=14&revisionid=1.0 HTTP/1.1 200 129368
0:0:0:0:0:0:0:1 - - [27/Apr/2018:12:03:17 +0530] GET /console HTTP/1.1 200 9950
0:0:0:0:0:0:0:1 - - [27/Apr/2018:12:03:17 +0530] GET /console/profilepicture?size=medium&username=ADMINISTRATOR HTTP/1.1 200 692
0:0:0:0:0:0:0:1 - - [27/Apr/2018:12:03:19 +0530] GET /console/opendocumentclass?classid=1 HTTP/1.1 200 11180
0:0:0:0:0:0:0:1 - - [27/Apr/2018:12:03:22 +0530] GET /console HTTP/1.1 200 9973
0:0:0:0:0:0:0:1 - - [27/Apr/2018:12:03:22 +0530] GET /console/profilepicture?size=medium&username=ADMINISTRATOR HTTP/1.1 200 692
0:0:0:0:0:0:0:1 - - [27/Apr/2018:12:03:23 +0530] GET /console/opendocumentclass?classid=2 HTTP/1.1 200 10987
0:0:0:0:0:0:0:1 - - [27/Apr/2018:12:03:25 +0530] GET /console HTTP/1.1 200 9990
0:0:0:0:0:0:0:1 - - [27/Apr/2018:12:03:25 +0530] GET /console/profilepicture?size=medium&username=ADMINISTRATOR HTTP/1.1 200 692
0:0:0:0:0:0:0:1 - - [27/Apr/2018:12:03:31 +0530] GET /console/opendocumentclass?classid=1 HTTP/1.1 200 11180
0:0:0:0:0:0:0:1 - - [27/Apr/2018:12:04:12 +0530] GET /console/opendocumentclass?&classid=1&mode=pdf HTTP/1.1 200 2491
0:0:0:0:0:0:0:1 - - [27/Apr/2018:12:04:47 +0530] GET /console/viewdocument?documentid=1&revisionid=1.0 HTTP/1.1 200 16596
0:0:0:0:0:0:0:1 - - [27/Apr/2018:12:04:47 +0530] HEAD /console/mobiledocumentviewer?documentid=1&revisionid=1.0 HTTP/1.1 200 -
0:0:0:0:0:0:0:1 - - [27/Apr/2018:12:04:48 +0530] GET /console/mobiledocumentviewer?documentid=1&revisionid=1.0 HTTP/1.1 200 233832
0:0:0:0:0:0:0:1 - - [27/Apr/2018:12:05:00 +0530] GET /console/viewdocument?documentid=1&revisionid=1.0 HTTP/1.1 200 16597
0:0:0:0:0:0:0:1 - - [27/Apr/2018:12:05:00 +0530] HEAD /console/mobiledocumentviewer?documentid=1&revisionid=1.0 HTTP/1.1 200 -
0:0:0:0:0:0:0:1 - - [27/Apr/2018:12:05:01 +0530] GET /console/mobiledocumentviewer?documentid=1&revisionid=1.0 HTTP/1.1 200 233832
0:0:0:0:0:0:0:1 - - [27/Apr/2018:12:05:04 +0530] GET /console/downloaddocument?documentid=1&revisionid=1.0 HTTP/1.1 200 232843
0:0:0:0:0:0:0:1 - - [27/Apr/2018:12:08:25 +0530] GET /console/opendocumentclass?classid=1 HTTP/1.1 200 11180
0:0:0:0:0:0:0:1 - - [27/Apr/2018:12:08:27 +0530] GET /console/viewdocument?documentid=2&revisionid=1.0 HTTP/1.1 200 16599
0:0:0:0:0:0:0:1 - - [27/Apr/2018:12:08:27 +0530] HEAD /console/mobiledocumentviewer?documentid=2&revisionid=1.0 HTTP/1.1 200 -
0:0:0:0:0:0:0:1 - - [27/Apr/2018:12:08:28 +0530] GET /console/mobiledocumentviewer?documentid=2&revisionid=1.0 HTTP/1.1 200 223445
0:0:0:0:0:0:0:1 - - [27/Apr/2018:12:08:31 +0530] GET /console/downloaddocument?documentid=2&revisionid=1.0 HTTP/1.1 200 222456
0:0:0:0:0:0:0:1 - - [27/Apr/2018:12:09:25 +0530] GET /console/opendocumentclass?classid=1 HTTP/1.1 200 11180
0:0:0:0:0:0:0:1 - - [27/Apr/2018:12:09:27 +0530] GET /console/viewdocument?documentid=3&revisionid=2.0 HTTP/1.1 200 16590
0:0:0:0:0:0:0:1 - - [27/Apr/2018:12:09:28 +0530] HEAD /console/mobiledocumentviewer?documentid=3&revisionid=2.0 HTTP/1.1 200 -
0:0:0:0:0:0:0:1 - - [27/Apr/2018:12:09:28 +0530] GET /console/mobiledocumentviewer?documentid=3&revisionid=2.0 HTTP/1.1 200 274300
0:0:0:0:0:0:0:1 - - [27/Apr/2018:12:09:30 +0530] GET /console/downloaddocument?documentid=3&revisionid=2.0 HTTP/1.1 200 273311
0:0:0:0:0:0:0:1 - - [27/Apr/2018:12:09:48 +0530] GET /console HTTP/1.1 200 10122
0:0:0:0:0:0:0:1 - - [27/Apr/2018:12:09:48 +0530] GET /console/profilepicture?size=medium&username=ADMINISTRATOR HTTP/1.1 200 692
0:0:0:0:0:0:0:1 - - [27/Apr/2018:12:09:50 +0530] GET /console/opendocumentclass?classid=2 HTTP/1.1 200 10987
0:0:0:0:0:0:0:1 - - [27/Apr/2018:12:10:15 +0530] GET /console/viewdocument?documentid=7&revisionid=1.0 HTTP/1.1 200 16363
0:0:0:0:0:0:0:1 - - [27/Apr/2018:12:10:15 +0530] HEAD /console/mobiledocumentviewer?documentid=7&revisionid=1.0 HTTP/1.1 200 -
0:0:0:0:0:0:0:1 - - [27/Apr/2018:12:10:16 +0530] GET /console/mobiledocumentviewer?documentid=7&revisionid=1.0 HTTP/1.1 200 282204
0:0:0:0:0:0:0:1 - - [27/Apr/2018:12:10:17 +0530] GET /console/downloaddocument?documentid=7&revisionid=1.0 HTTP/1.1 200 281216
0:0:0:0:0:0:0:1 - - [27/Apr/2018:12:10:34 +0530] GET /console/opendocumentclass?classid=2 HTTP/1.1 200 10987
0:0:0:0:0:0:0:1 - - [27/Apr/2018:12:10:36 +0530] GET /console/viewdocument?documentid=8&revisionid=1.0 HTTP/1.1 200 16361
0:0:0:0:0:0:0:1 - - [27/Apr/2018:12:10:37 +0530] HEAD /console/mobiledocumentviewer?documentid=8&revisionid=1.0 HTTP/1.1 200 -
0:0:0:0:0:0:0:1 - - [27/Apr/2018:12:10:37 +0530] GET /console/mobiledocumentviewer?documentid=8&revisionid=1.0 HTTP/1.1 200 305553
0:0:0:0:0:0:0:1 - - [27/Apr/2018:12:10:42 +0530] GET /console/downloaddocument?documentid=8&revisionid=1.0 HTTP/1.1 200 304564
0:0:0:0:0:0:0:1 - - [27/Apr/2018:12:12:28 +0530] GET /console/opendocumentclass?classid=2 HTTP/1.1 200 10987
0:0:0:0:0:0:0:1 - - [27/Apr/2018:12:12:30 +0530] GET /console/viewdocument?documentid=9&revisionid=1.0 HTTP/1.1 200 16359
0:0:0:0:0:0:0:1 - - [27/Apr/2018:12:12:31 +0530] HEAD /console/mobiledocumentviewer?documentid=9&revisionid=1.0 HTTP/1.1 200 -
0:0:0:0:0:0:0:1 - - [27/Apr/2018:12:12:31 +0530] GET /console/mobiledocumentviewer?documentid=9&revisionid=1.0 HTTP/1.1 200 275069
0:0:0:0:0:0:0:1 - - [27/Apr/2018:12:12:33 +0530] GET /console/downloaddocument?documentid=9&revisionid=1.0 HTTP/1.1 200 274081
0:0:0:0:0:0:0:1 - - [27/Apr/2018:12:12:53 +0530] GET /console HTTP/1.1 200 10112
0:0:0:0:0:0:0:1 - - [27/Apr/2018:12:12:53 +0530] GET /console/profilepicture?size=medium&username=ADMINISTRATOR HTTP/1.1 200 692
0:0:0:0:0:0:0:1 - - [27/Apr/2018:12:12:55 +0530] GET /console/opendocumentclass?classid=3 HTTP/1.1 200 15106
0:0:0:0:0:0:0:1 - - [27/Apr/2018:12:39:36 +0530] GET /console/viewdocument?documentid=4&revisionid=1.0 HTTP/1.1 302 -
0:0:0:0:0:0:0:1 - - [27/Apr/2018:12:39:36 +0530] GET / HTTP/1.1 200 3523
0:0:0:0:0:0:0:1 - - [27/Apr/2018:12:39:41 +0530] POST /login HTTP/1.1 302 -
0:0:0:0:0:0:0:1 - - [27/Apr/2018:12:39:41 +0530] GET /console HTTP/1.1 200 10086
0:0:0:0:0:0:0:1 - - [27/Apr/2018:12:39:41 +0530] GET /console/profilepicture?size=medium&username=ADMINISTRATOR HTTP/1.1 200 692
0:0:0:0:0:0:0:1 - - [27/Apr/2018:12:39:43 +0530] GET /console/opendocumentclass?classid=3 HTTP/1.1 200 15106
0:0:0:0:0:0:0:1 - - [27/Apr/2018:12:39:49 +0530] GET /console/viewdocument?documentid=4&revisionid=1.0 HTTP/1.1 200 16500
0:0:0:0:0:0:0:1 - - [27/Apr/2018:12:39:50 +0530] HEAD /console/mobiledocumentviewer?documentid=4&revisionid=1.0 HTTP/1.1 200 -
0:0:0:0:0:0:0:1 - - [27/Apr/2018:12:39:50 +0530] GET /console/mobiledocumentviewer?documentid=4&revisionid=1.0 HTTP/1.1 200 376103
0:0:0:0:0:0:0:1 - - [27/Apr/2018:12:39:54 +0530] GET /console/downloaddocument?documentid=4&revisionid=1.0 HTTP/1.1 200 375115
0:0:0:0:0:0:0:1 - - [27/Apr/2018:12:40:39 +0530] GET /console/opendocumentclass?classid=3 HTTP/1.1 200 15106
0:0:0:0:0:0:0:1 - - [27/Apr/2018:12:40:41 +0530] GET /console/viewdocument?documentid=5&revisionid=1.0 HTTP/1.1 200 16501
0:0:0:0:0:0:0:1 - - [27/Apr/2018:12:40:42 +0530] HEAD /console/mobiledocumentviewer?documentid=5&revisionid=1.0 HTTP/1.1 200 -
0:0:0:0:0:0:0:1 - - [27/Apr/2018:12:40:42 +0530] GET /console/mobiledocumentviewer?documentid=5&revisionid=1.0 HTTP/1.1 200 378956
0:0:0:0:0:0:0:1 - - [27/Apr/2018:12:40:46 +0530] GET /console/downloaddocument?documentid=5&revisionid=1.0 HTTP/1.1 200 377967
0:0:0:0:0:0:0:1 - - [27/Apr/2018:12:41:13 +0530] GET /console/opendocumentclass?classid=3 HTTP/1.1 200 15106
0:0:0:0:0:0:0:1 - - [27/Apr/2018:12:41:15 +0530] GET /console/viewdocument?documentid=6&revisionid=1.0 HTTP/1.1 200 16501
0:0:0:0:0:0:0:1 - - [27/Apr/2018:12:41:15 +0530] HEAD /console/mobiledocumentviewer?documentid=6&revisionid=1.0 HTTP/1.1 200 -
0:0:0:0:0:0:0:1 - - [27/Apr/2018:12:41:15 +0530] GET /console/mobiledocumentviewer?documentid=6&revisionid=1.0 HTTP/1.1 200 373272
0:0:0:0:0:0:0:1 - - [27/Apr/2018:12:41:17 +0530] GET /console/downloaddocument?documentid=6&revisionid=1.0 HTTP/1.1 200 372284
0:0:0:0:0:0:0:1 - - [27/Apr/2018:12:48:56 +0530] GET /console/viewdocument?documentid=6&revisionid=1.0 HTTP/1.1 302 -
0:0:0:0:0:0:0:1 - - [27/Apr/2018:12:48:56 +0530] GET / HTTP/1.1 200 3523
0:0:0:0:0:0:0:1 - - [27/Apr/2018:12:48:59 +0530] GET / HTTP/1.1 200 3523
0:0:0:0:0:0:0:1 - - [27/Apr/2018:12:49:00 +0530] GET /images/favicon.ico HTTP/1.1 200 1150
0:0:0:0:0:0:0:1 - - [27/Apr/2018:12:49:04 +0530] POST /login HTTP/1.1 302 -
0:0:0:0:0:0:0:1 - - [27/Apr/2018:12:49:05 +0530] GET /console HTTP/1.1 200 6396
0:0:0:0:0:0:0:1 - - [27/Apr/2018:12:49:05 +0530] GET /console/profilepicture?size=medium&username=ADMINISTRATOR HTTP/1.1 200 692
0:0:0:0:0:0:0:1 - - [27/Apr/2018:12:49:09 +0530] GET /cpanel HTTP/1.1 200 5252
0:0:0:0:0:0:0:1 - - [27/Apr/2018:12:49:12 +0530] GET /cpanel/managedocumentclasses HTTP/1.1 200 4995
0:0:0:0:0:0:0:1 - - [27/Apr/2018:12:49:14 +0530] GET /cpanel/newdocumentclass HTTP/1.1 200 7293
0:0:0:0:0:0:0:1 - - [27/Apr/2018:12:49:30 +0530] POST /cpanel/newdocumentclass HTTP/1.1 200 5911
0:0:0:0:0:0:0:1 - - [27/Apr/2018:12:49:34 +0530] GET /cpanel/newdocumentclass HTTP/1.1 200 7293
0:0:0:0:0:0:0:1 - - [27/Apr/2018:12:50:08 +0530] POST /cpanel/newdocumentclass HTTP/1.1 200 6677
0:0:0:0:0:0:0:1 - - [27/Apr/2018:12:50:40 +0530] GET /cpanel/newdocumentclass HTTP/1.1 200 7293
0:0:0:0:0:0:0:1 - - [27/Apr/2018:12:50:45 +0530] POST /cpanel/newdocumentclass HTTP/1.1 200 7449
0:0:0:0:0:0:0:1 - - [27/Apr/2018:12:50:47 +0530] GET /console HTTP/1.1 200 6797
0:0:0:0:0:0:0:1 - - [27/Apr/2018:12:50:47 +0530] GET /console/profilepicture?size=medium&username=ADMINISTRATOR HTTP/1.1 200 692
0:0:0:0:0:0:0:1 - - [27/Apr/2018:12:50:49 +0530] GET /cpanel HTTP/1.1 200 5252
0:0:0:0:0:0:0:1 - - [27/Apr/2018:12:50:51 +0530] GET /cpanel HTTP/1.1 200 5252
0:0:0:0:0:0:0:1 - - [27/Apr/2018:12:50:54 +0530] GET /cpanel/managedocumentclasses HTTP/1.1 200 7262
0:0:0:0:0:0:0:1 - - [27/Apr/2018:12:50:55 +0530] GET /cpanel/permissions?classid=1 HTTP/1.1 200 8739
0:0:0:0:0:0:0:1 - - [27/Apr/2018:12:51:08 +0530] POST /cpanel/setpermissions HTTP/1.1 200 7468
0:0:0:0:0:0:0:1 - - [27/Apr/2018:12:51:10 +0530] GET /cpanel/permissions?classid=3 HTTP/1.1 200 8729
0:0:0:0:0:0:0:1 - - [27/Apr/2018:12:51:22 +0530] POST /cpanel/setpermissions HTTP/1.1 200 7463
0:0:0:0:0:0:0:1 - - [27/Apr/2018:12:51:24 +0530] GET /cpanel/permissions?classid=2 HTTP/1.1 200 8741
0:0:0:0:0:0:0:1 - - [27/Apr/2018:12:51:33 +0530] POST /cpanel/setpermissions HTTP/1.1 200 7469
0:0:0:0:0:0:0:1 - - [27/Apr/2018:12:51:36 +0530] GET /console HTTP/1.1 200 9444
0:0:0:0:0:0:0:1 - - [27/Apr/2018:12:51:36 +0530] GET /console/profilepicture?size=medium&username=ADMINISTRATOR HTTP/1.1 200 692
0:0:0:0:0:0:0:1 - - [27/Apr/2018:12:51:41 +0530] GET /console/newdocument?classid=1 HTTP/1.1 200 6750
0:0:0:0:0:0:0:1 - - [27/Apr/2018:12:52:05 +0530] POST /console/newdocument HTTP/1.1 200 -
0:0:0:0:0:0:0:1 - - [27/Apr/2018:12:52:11 +0530] POST /console/newdocument HTTP/1.1 200 -
0:0:0:0:0:0:0:1 - - [27/Apr/2018:12:52:14 +0530] POST /console/newdocument HTTP/1.1 200 -
0:0:0:0:0:0:0:1 - - [27/Apr/2018:12:52:16 +0530] GET /console HTTP/1.1 200 9913
0:0:0:0:0:0:0:1 - - [27/Apr/2018:12:52:16 +0530] GET /console/profilepicture?size=medium&username=ADMINISTRATOR HTTP/1.1 200 692
0:0:0:0:0:0:0:1 - - [27/Apr/2018:12:52:21 +0530] GET /console/opendocumentclass?classid=1 HTTP/1.1 200 10164
0:0:0:0:0:0:0:1 - - [27/Apr/2018:12:54:15 +0530] GET /console/opendocumentclass?classid=1 HTTP/1.1 302 -
0:0:0:0:0:0:0:1 - - [27/Apr/2018:12:54:15 +0530] GET / HTTP/1.1 200 3523
0:0:0:0:0:0:0:1 - - [27/Apr/2018:12:54:21 +0530] POST /login HTTP/1.1 302 -
0:0:0:0:0:0:0:1 - - [27/Apr/2018:12:54:21 +0530] GET /console HTTP/1.1 200 6396
0:0:0:0:0:0:0:1 - - [27/Apr/2018:12:54:21 +0530] GET /console/profilepicture?size=medium&username=ADMINISTRATOR HTTP/1.1 200 692
0:0:0:0:0:0:0:1 - - [27/Apr/2018:12:54:23 +0530] GET /cpanel HTTP/1.1 200 5252
0:0:0:0:0:0:0:1 - - [27/Apr/2018:12:54:24 +0530] GET /cpanel/managedocumentclasses HTTP/1.1 200 4995
0:0:0:0:0:0:0:1 - - [27/Apr/2018:12:54:25 +0530] GET /cpanel/newdocumentclass HTTP/1.1 200 7293
0:0:0:0:0:0:0:1 - - [27/Apr/2018:12:54:40 +0530] POST /cpanel/newdocumentclass HTTP/1.1 200 5911
0:0:0:0:0:0:0:1 - - [27/Apr/2018:12:54:42 +0530] GET /cpanel/permissions?classid=1 HTTP/1.1 200 8739
0:0:0:0:0:0:0:1 - - [27/Apr/2018:12:55:00 +0530] POST /cpanel/setpermissions HTTP/1.1 200 5925
0:0:0:0:0:0:0:1 - - [27/Apr/2018:12:55:06 +0530] GET /cpanel HTTP/1.1 200 5252
0:0:0:0:0:0:0:1 - - [27/Apr/2018:12:55:07 +0530] GET /cpanel/managedocumentclasses HTTP/1.1 200 5719
0:0:0:0:0:0:0:1 - - [27/Apr/2018:12:55:10 +0530] GET /cpanel/newdocumentclass HTTP/1.1 200 7293
0:0:0:0:0:0:0:1 - - [27/Apr/2018:12:55:16 +0530] POST /cpanel/newdocumentclass HTTP/1.1 200 6677
0:0:0:0:0:0:0:1 - - [27/Apr/2018:12:55:18 +0530] GET /cpanel/permissions?classid=2 HTTP/1.1 200 8741
0:0:0:0:0:0:0:1 - - [27/Apr/2018:12:55:28 +0530] POST /cpanel/setpermissions HTTP/1.1 200 6691
0:0:0:0:0:0:0:1 - - [27/Apr/2018:12:55:31 +0530] GET /cpanel/newdocumentclass HTTP/1.1 200 7293
0:0:0:0:0:0:0:1 - - [27/Apr/2018:12:55:39 +0530] POST /cpanel/newdocumentclass HTTP/1.1 200 7449
0:0:0:0:0:0:0:1 - - [27/Apr/2018:12:55:44 +0530] GET /cpanel/permissions?classid=3 HTTP/1.1 200 8729
0:0:0:0:0:0:0:1 - - [27/Apr/2018:12:55:53 +0530] POST /cpanel/setpermissions HTTP/1.1 200 7463
0:0:0:0:0:0:0:1 - - [27/Apr/2018:12:56:04 +0530] GET /console HTTP/1.1 200 9444
0:0:0:0:0:0:0:1 - - [27/Apr/2018:12:56:04 +0530] GET /console/profilepicture?size=medium&username=ADMINISTRATOR HTTP/1.1 200 692
0:0:0:0:0:0:0:1 - - [27/Apr/2018:12:56:14 +0530] GET /console/newdocument?classid=1 HTTP/1.1 200 6750
0:0:0:0:0:0:0:1 - - [27/Apr/2018:12:56:21 +0530] POST /console/newdocument HTTP/1.1 200 -
0:0:0:0:0:0:0:1 - - [27/Apr/2018:12:56:26 +0530] POST /console/newdocument HTTP/1.1 200 -
0:0:0:0:0:0:0:1 - - [27/Apr/2018:12:56:34 +0530] POST /console/newdocument HTTP/1.1 200 -
0:0:0:0:0:0:0:1 - - [27/Apr/2018:12:56:37 +0530] GET /console HTTP/1.1 200 9913
0:0:0:0:0:0:0:1 - - [27/Apr/2018:12:56:37 +0530] GET /console/profilepicture?size=medium&username=ADMINISTRATOR HTTP/1.1 200 692
0:0:0:0:0:0:0:1 - - [27/Apr/2018:12:56:40 +0530] GET /console/opendocumentclass?classid=1 HTTP/1.1 200 10164
0:0:0:0:0:0:0:1 - - [27/Apr/2018:12:56:43 +0530] GET /console HTTP/1.1 200 9936
0:0:0:0:0:0:0:1 - - [27/Apr/2018:12:56:43 +0530] GET /console/profilepicture?size=medium&username=ADMINISTRATOR HTTP/1.1 200 692
0:0:0:0:0:0:0:1 - - [27/Apr/2018:12:56:46 +0530] GET /console/newdocument?classid=3 HTTP/1.1 200 6750
0:0:0:0:0:0:0:1 - - [27/Apr/2018:12:56:57 +0530] GET /console HTTP/1.1 200 9936
0:0:0:0:0:0:0:1 - - [27/Apr/2018:12:56:57 +0530] GET /console/profilepicture?size=medium&username=ADMINISTRATOR HTTP/1.1 200 692
0:0:0:0:0:0:0:1 - - [27/Apr/2018:12:56:58 +0530] GET /console/opendocumentclass?classid=2 HTTP/1.1 200 5080
0:0:0:0:0:0:0:1 - - [27/Apr/2018:12:57:00 +0530] GET /console HTTP/1.1 200 9938
0:0:0:0:0:0:0:1 - - [27/Apr/2018:12:57:00 +0530] GET /console/profilepicture?size=medium&username=ADMINISTRATOR HTTP/1.1 200 692
0:0:0:0:0:0:0:1 - - [27/Apr/2018:12:57:01 +0530] GET /console/newdocument?classid=2 HTTP/1.1 200 6750
0:0:0:0:0:0:0:1 - - [27/Apr/2018:12:57:11 +0530] POST /console/newdocument HTTP/1.1 200 -
0:0:0:0:0:0:0:1 - - [27/Apr/2018:12:57:19 +0530] POST /console/newdocument HTTP/1.1 200 -
0:0:0:0:0:0:0:1 - - [27/Apr/2018:12:57:24 +0530] POST /console/newdocument HTTP/1.1 200 -
0:0:0:0:0:0:0:1 - - [27/Apr/2018:12:57:28 +0530] GET /console HTTP/1.1 200 9976
0:0:0:0:0:0:0:1 - - [27/Apr/2018:12:57:28 +0530] GET /console/profilepicture?size=medium&username=ADMINISTRATOR HTTP/1.1 200 692
0:0:0:0:0:0:0:1 - - [27/Apr/2018:12:57:33 +0530] GET /console/newdocument?classid=3 HTTP/1.1 200 6750
0:0:0:0:0:0:0:1 - - [27/Apr/2018:12:57:40 +0530] POST /console/newdocument HTTP/1.1 200 -
0:0:0:0:0:0:0:1 - - [27/Apr/2018:12:57:46 +0530] POST /console/newdocument HTTP/1.1 200 -
0:0:0:0:0:0:0:1 - - [27/Apr/2018:12:57:53 +0530] POST /console/newdocument HTTP/1.1 200 -
0:0:0:0:0:0:0:1 - - [27/Apr/2018:12:57:56 +0530] GET /console HTTP/1.1 200 10042
0:0:0:0:0:0:0:1 - - [27/Apr/2018:12:57:56 +0530] GET /console/profilepicture?size=medium&username=ADMINISTRATOR HTTP/1.1 200 692
0:0:0:0:0:0:0:1 - - [27/Apr/2018:12:58:38 +0530] GET /cpanel HTTP/1.1 200 5252
0:0:0:0:0:0:0:1 - - [27/Apr/2018:13:01:34 +0530] GET /console HTTP/1.1 200 10042
0:0:0:0:0:0:0:1 - - [27/Apr/2018:13:01:34 +0530] GET /console/profilepicture?size=medium&username=ADMINISTRATOR HTTP/1.1 200 692
0:0:0:0:0:0:0:1 - - [27/Apr/2018:13:02:07 +0530] GET /logout HTTP/1.1 200 2687
0:0:0:0:0:0:0:1 - - [27/Apr/2018:13:02:11 +0530] GET / HTTP/1.1 200 3523
0:0:0:0:0:0:0:1 - - [27/Apr/2018:13:10:04 +0530] POST /login HTTP/1.1 302 -
0:0:0:0:0:0:0:1 - - [27/Apr/2018:13:10:04 +0530] GET /console HTTP/1.1 200 10005
0:0:0:0:0:0:0:1 - - [27/Apr/2018:13:10:04 +0530] GET /console/profilepicture?size=medium&username=ADMINISTRATOR HTTP/1.1 200 692
0:0:0:0:0:0:0:1 - - [27/Apr/2018:13:10:33 +0530] GET /console/newdocument?classid=1 HTTP/1.1 200 6750
0:0:0:0:0:0:0:1 - - [27/Apr/2018:13:14:30 +0530] GET /console HTTP/1.1 200 10005
0:0:0:0:0:0:0:1 - - [27/Apr/2018:13:14:32 +0530] GET /console/profilepicture?size=medium&username=ADMINISTRATOR HTTP/1.1 200 692
0:0:0:0:0:0:0:1 - - [27/Apr/2018:13:14:38 +0530] GET /console/opendocumentclass?classid=1 HTTP/1.1 200 10165
0:0:0:0:0:0:0:1 - - [27/Apr/2018:13:14:45 +0530] GET /console HTTP/1.1 200 10005
0:0:0:0:0:0:0:1 - - [27/Apr/2018:13:14:45 +0530] GET /console/profilepicture?size=medium&username=ADMINISTRATOR HTTP/1.1 200 692
0:0:0:0:0:0:0:1 - - [27/Apr/2018:13:14:49 +0530] GET /console/opendocumentclass?classid=1 HTTP/1.1 200 10165
0:0:0:0:0:0:0:1 - - [27/Apr/2018:13:14:52 +0530] POST /console/newdocument HTTP/1.1 200 -
0:0:0:0:0:0:0:1 - - [27/Apr/2018:13:14:53 +0530] GET /console/opendocumentclass?classid=1 HTTP/1.1 200 11132
0:0:0:0:0:0:0:1 - - [27/Apr/2018:13:14:54 +0530] GET /images/favicon.ico HTTP/1.1 200 1150
0:0:0:0:0:0:0:1 - - [27/Apr/2018:13:15:00 +0530] GET /console/viewdocument?documentid=10&revisionid=1.0 HTTP/1.1 200 15448
0:0:0:0:0:0:0:1 - - [27/Apr/2018:13:15:06 +0530] HEAD /console/mobiledocumentviewer?documentid=10&revisionid=1.0 HTTP/1.1 200 -
0:0:0:0:0:0:0:1 - - [27/Apr/2018:13:15:11 +0530] GET /console/mobiledocumentviewer?documentid=10&revisionid=1.0 HTTP/1.1 200 91414
0:0:0:0:0:0:0:1 - - [27/Apr/2018:13:15:19 +0530] GET /console HTTP/1.1 200 10019
0:0:0:0:0:0:0:1 - - [27/Apr/2018:13:15:19 +0530] GET /console/profilepicture?size=medium&username=ADMINISTRATOR HTTP/1.1 200 692
0:0:0:0:0:0:0:1 - - [27/Apr/2018:13:15:43 +0530] GET /console HTTP/1.1 200 10019
0:0:0:0:0:0:0:1 - - [27/Apr/2018:13:15:43 +0530] GET /console/profilepicture?size=medium&username=ADMINISTRATOR HTTP/1.1 200 692
0:0:0:0:0:0:0:1 - - [27/Apr/2018:13:15:43 +0530] GET /images/favicon.ico HTTP/1.1 200 1150
0:0:0:0:0:0:0:1 - - [27/Apr/2018:13:15:47 +0530] GET /console HTTP/1.1 200 10019
0:0:0:0:0:0:0:1 - - [27/Apr/2018:13:15:47 +0530] GET /console/profilepicture?size=medium&username=ADMINISTRATOR HTTP/1.1 200 692
0:0:0:0:0:0:0:1 - - [27/Apr/2018:13:15:47 +0530] GET /images/favicon.ico HTTP/1.1 200 1150
0:0:0:0:0:0:0:1 - - [27/Apr/2018:13:15:51 +0530] GET /console HTTP/1.1 200 10019
0:0:0:0:0:0:0:1 - - [27/Apr/2018:13:15:51 +0530] GET /console/profilepicture?size=medium&username=ADMINISTRATOR HTTP/1.1 200 692
0:0:0:0:0:0:0:1 - - [27/Apr/2018:13:15:51 +0530] GET /images/favicon.ico HTTP/1.1 200 1150
0:0:0:0:0:0:0:1 - - [27/Apr/2018:13:15:55 +0530] GET /console/opendocumentclass?classid=1 HTTP/1.1 200 11132
0:0:0:0:0:0:0:1 - - [27/Apr/2018:13:15:57 +0530] GET /console/opendocumentclass?classid=1 HTTP/1.1 200 11132
0:0:0:0:0:0:0:1 - - [27/Apr/2018:13:15:57 +0530] GET /images/favicon.ico HTTP/1.1 200 1150
0:0:0:0:0:0:0:1 - - [27/Apr/2018:13:16:00 +0530] GET /console/opendocumentclass?classid=1 HTTP/1.1 200 11132
0:0:0:0:0:0:0:1 - - [27/Apr/2018:13:16:00 +0530] GET /images/favicon.ico HTTP/1.1 200 1150
0:0:0:0:0:0:0:1 - - [27/Apr/2018:13:16:03 +0530] GET /console/opendocumentclass?classid=1 HTTP/1.1 200 11132
0:0:0:0:0:0:0:1 - - [27/Apr/2018:13:16:03 +0530] GET /images/favicon.ico HTTP/1.1 200 1150
0:0:0:0:0:0:0:1 - - [27/Apr/2018:13:16:04 +0530] GET /console/opendocumentclass?classid=1 HTTP/1.1 200 11132
0:0:0:0:0:0:0:1 - - [27/Apr/2018:13:16:04 +0530] GET /images/favicon.ico HTTP/1.1 200 1150
0:0:0:0:0:0:0:1 - - [27/Apr/2018:13:16:05 +0530] GET /console/opendocumentclass?classid=1 HTTP/1.1 200 11132
0:0:0:0:0:0:0:1 - - [27/Apr/2018:13:16:05 +0530] GET /images/favicon.ico HTTP/1.1 200 1150
0:0:0:0:0:0:0:1 - - [27/Apr/2018:13:16:06 +0530] GET /console/opendocumentclass?classid=1 HTTP/1.1 200 11132
0:0:0:0:0:0:0:1 - - [27/Apr/2018:13:16:06 +0530] GET /images/favicon.ico HTTP/1.1 200 1150
0:0:0:0:0:0:0:1 - - [27/Apr/2018:13:16:06 +0530] GET /console/opendocumentclass?classid=1 HTTP/1.1 200 11132
0:0:0:0:0:0:0:1 - - [27/Apr/2018:13:16:06 +0530] GET /images/favicon.ico HTTP/1.1 200 1150
0:0:0:0:0:0:0:1 - - [27/Apr/2018:13:16:07 +0530] GET /console/opendocumentclass?classid=1 HTTP/1.1 200 11132
0:0:0:0:0:0:0:1 - - [27/Apr/2018:13:16:07 +0530] GET /images/favicon.ico HTTP/1.1 200 1150
0:0:0:0:0:0:0:1 - - [27/Apr/2018:13:16:07 +0530] GET /console/opendocumentclass?classid=1 HTTP/1.1 200 11132
0:0:0:0:0:0:0:1 - - [27/Apr/2018:13:16:08 +0530] GET /images/favicon.ico HTTP/1.1 200 1150
0:0:0:0:0:0:0:1 - - [27/Apr/2018:13:16:08 +0530] GET /console/opendocumentclass?classid=1 HTTP/1.1 200 11132
0:0:0:0:0:0:0:1 - - [27/Apr/2018:13:16:08 +0530] GET /images/favicon.ico HTTP/1.1 200 1150
0:0:0:0:0:0:0:1 - - [27/Apr/2018:13:16:09 +0530] GET /console/opendocumentclass?classid=1 HTTP/1.1 200 11132
0:0:0:0:0:0:0:1 - - [27/Apr/2018:13:16:09 +0530] GET /images/favicon.ico HTTP/1.1 200 1150
0:0:0:0:0:0:0:1 - - [27/Apr/2018:13:16:09 +0530] GET /console/opendocumentclass?classid=1 HTTP/1.1 200 11132
0:0:0:0:0:0:0:1 - - [27/Apr/2018:13:16:09 +0530] GET /images/favicon.ico HTTP/1.1 200 1150
0:0:0:0:0:0:0:1 - - [27/Apr/2018:13:16:10 +0530] GET /console/opendocumentclass?classid=1 HTTP/1.1 200 11132
0:0:0:0:0:0:0:1 - - [27/Apr/2018:13:16:10 +0530] GET /images/favicon.ico HTTP/1.1 200 1150
0:0:0:0:0:0:0:1 - - [27/Apr/2018:13:16:10 +0530] GET /console/opendocumentclass?classid=1 HTTP/1.1 200 11132
0:0:0:0:0:0:0:1 - - [27/Apr/2018:13:16:10 +0530] GET /images/favicon.ico HTTP/1.1 200 1150
0:0:0:0:0:0:0:1 - - [27/Apr/2018:13:16:11 +0530] GET /console/opendocumentclass?classid=1 HTTP/1.1 200 11132
0:0:0:0:0:0:0:1 - - [27/Apr/2018:13:16:12 +0530] GET /images/favicon.ico HTTP/1.1 200 1150
0:0:0:0:0:0:0:1 - - [27/Apr/2018:13:16:14 +0530] GET /console/opendocumentclass?classid=1 HTTP/1.1 200 11132
0:0:0:0:0:0:0:1 - - [27/Apr/2018:13:16:14 +0530] GET /images/favicon.ico HTTP/1.1 200 1150
0:0:0:0:0:0:0:1 - - [27/Apr/2018:13:16:14 +0530] GET /console/opendocumentclass?classid=1 HTTP/1.1 200 11132
0:0:0:0:0:0:0:1 - - [27/Apr/2018:13:16:14 +0530] GET /images/favicon.ico HTTP/1.1 200 1150
0:0:0:0:0:0:0:1 - - [27/Apr/2018:13:16:15 +0530] GET /console/opendocumentclass?classid=1 HTTP/1.1 200 11132
0:0:0:0:0:0:0:1 - - [27/Apr/2018:13:16:15 +0530] GET /images/favicon.ico HTTP/1.1 200 1150
0:0:0:0:0:0:0:1 - - [27/Apr/2018:13:16:16 +0530] GET /console/opendocumentclass?classid=1 HTTP/1.1 200 11131
0:0:0:0:0:0:0:1 - - [27/Apr/2018:13:16:16 +0530] GET /images/favicon.ico HTTP/1.1 200 1150
0:0:0:0:0:0:0:1 - - [27/Apr/2018:13:16:16 +0530] GET /console/opendocumentclass?classid=1 HTTP/1.1 200 11132
0:0:0:0:0:0:0:1 - - [27/Apr/2018:13:16:17 +0530] GET /images/favicon.ico HTTP/1.1 200 1150
0:0:0:0:0:0:0:1 - - [27/Apr/2018:13:16:17 +0530] GET /console/opendocumentclass?classid=1 HTTP/1.1 200 11131
0:0:0:0:0:0:0:1 - - [27/Apr/2018:13:16:17 +0530] GET /images/favicon.ico HTTP/1.1 200 1150
0:0:0:0:0:0:0:1 - - [27/Apr/2018:13:16:18 +0530] GET /console/opendocumentclass?classid=1 HTTP/1.1 200 11132
0:0:0:0:0:0:0:1 - - [27/Apr/2018:13:16:18 +0530] GET /images/favicon.ico HTTP/1.1 200 1150
0:0:0:0:0:0:0:1 - - [27/Apr/2018:13:16:18 +0530] GET /console/opendocumentclass?classid=1 HTTP/1.1 200 11132
0:0:0:0:0:0:0:1 - - [27/Apr/2018:13:16:19 +0530] GET /images/favicon.ico HTTP/1.1 200 1150
0:0:0:0:0:0:0:1 - - [27/Apr/2018:13:16:19 +0530] GET /console/opendocumentclass?classid=1 HTTP/1.1 200 11132
0:0:0:0:0:0:0:1 - - [27/Apr/2018:13:16:19 +0530] GET /images/favicon.ico HTTP/1.1 200 1150
0:0:0:0:0:0:0:1 - - [27/Apr/2018:13:16:20 +0530] GET /console/opendocumentclass?classid=1 HTTP/1.1 200 11132
0:0:0:0:0:0:0:1 - - [27/Apr/2018:13:16:20 +0530] GET /images/favicon.ico HTTP/1.1 200 1150
0:0:0:0:0:0:0:1 - - [27/Apr/2018:13:16:21 +0530] GET /console/opendocumentclass?classid=1 HTTP/1.1 200 11132
0:0:0:0:0:0:0:1 - - [27/Apr/2018:13:16:21 +0530] GET /images/favicon.ico HTTP/1.1 200 1150
0:0:0:0:0:0:0:1 - - [27/Apr/2018:13:16:21 +0530] GET /console/opendocumentclass?classid=1 HTTP/1.1 200 11132
0:0:0:0:0:0:0:1 - - [27/Apr/2018:13:16:22 +0530] GET /images/favicon.ico HTTP/1.1 200 1150
0:0:0:0:0:0:0:1 - - [27/Apr/2018:13:16:23 +0530] GET /console/opendocumentclass?classid=1 HTTP/1.1 200 11132
0:0:0:0:0:0:0:1 - - [27/Apr/2018:13:16:23 +0530] GET /images/favicon.ico HTTP/1.1 200 1150
0:0:0:0:0:0:0:1 - - [27/Apr/2018:13:16:30 +0530] GET /console/opendocumentclass?classid=1 HTTP/1.1 200 11132
0:0:0:0:0:0:0:1 - - [27/Apr/2018:13:16:31 +0530] GET /images/favicon.ico HTTP/1.1 200 1150
0:0:0:0:0:0:0:1 - - [27/Apr/2018:13:16:31 +0530] POST /console/newdocument HTTP/1.1 200 -
0:0:0:0:0:0:0:1 - - [27/Apr/2018:13:16:31 +0530] GET /console/opendocumentclass?classid=1 HTTP/1.1 200 12099
0:0:0:0:0:0:0:1 - - [27/Apr/2018:13:16:31 +0530] GET /images/favicon.ico HTTP/1.1 200 1150
0:0:0:0:0:0:0:1 - - [27/Apr/2018:13:16:35 +0530] GET /cpanel HTTP/1.1 200 5252
0:0:0:0:0:0:0:1 - - [27/Apr/2018:13:16:37 +0530] GET /cpanel/reports HTTP/1.1 200 5627
0:0:0:0:0:0:0:1 - - [27/Apr/2018:13:16:39 +0530] GET /cpanel/summary HTTP/1.1 200 8632
0:0:0:0:0:0:0:1 - - [27/Apr/2018:13:16:58 +0530] GET /console HTTP/1.1 200 10074
0:0:0:0:0:0:0:1 - - [27/Apr/2018:13:16:58 +0530] GET /console/profilepicture?size=medium&username=ADMINISTRATOR HTTP/1.1 200 692
0:0:0:0:0:0:0:1 - - [27/Apr/2018:13:17:31 +0530] GET /console HTTP/1.1 200 10074
0:0:0:0:0:0:0:1 - - [27/Apr/2018:13:17:31 +0530] GET /console/profilepicture?size=medium&username=ADMINISTRATOR HTTP/1.1 200 692
0:0:0:0:0:0:0:1 - - [27/Apr/2018:13:17:31 +0530] GET /images/favicon.ico HTTP/1.1 200 1150
0:0:0:0:0:0:0:1 - - [27/Apr/2018:13:17:34 +0530] GET /console HTTP/1.1 200 10074
0:0:0:0:0:0:0:1 - - [27/Apr/2018:13:17:34 +0530] GET /console/profilepicture?size=medium&username=ADMINISTRATOR HTTP/1.1 200 692
0:0:0:0:0:0:0:1 - - [27/Apr/2018:13:17:35 +0530] GET /images/favicon.ico HTTP/1.1 200 1150
0:0:0:0:0:0:0:1 - - [27/Apr/2018:13:17:35 +0530] GET /console/opendocumentclass?classid=1 HTTP/1.1 200 12099
0:0:0:0:0:0:0:1 - - [27/Apr/2018:13:17:38 +0530] GET /console/opendocumentclass?classid=1 HTTP/1.1 200 12099
0:0:0:0:0:0:0:1 - - [27/Apr/2018:13:17:38 +0530] GET /images/favicon.ico HTTP/1.1 200 1150
0:0:0:0:0:0:0:1 - - [27/Apr/2018:13:17:40 +0530] GET /console/opendocumentclass?classid=1 HTTP/1.1 200 12099
0:0:0:0:0:0:0:1 - - [27/Apr/2018:13:17:40 +0530] GET /images/favicon.ico HTTP/1.1 200 1150
0:0:0:0:0:0:0:1 - - [27/Apr/2018:13:17:41 +0530] GET /console/opendocumentclass?classid=1 HTTP/1.1 200 12099
0:0:0:0:0:0:0:1 - - [27/Apr/2018:13:17:41 +0530] GET /images/favicon.ico HTTP/1.1 200 1150
0:0:0:0:0:0:0:1 - - [27/Apr/2018:13:17:42 +0530] GET /console/opendocumentclass?classid=1 HTTP/1.1 200 12099
0:0:0:0:0:0:0:1 - - [27/Apr/2018:13:17:42 +0530] GET /images/favicon.ico HTTP/1.1 200 1150
0:0:0:0:0:0:0:1 - - [27/Apr/2018:13:17:43 +0530] GET /console/opendocumentclass?classid=1 HTTP/1.1 200 12098
0:0:0:0:0:0:0:1 - - [27/Apr/2018:13:17:43 +0530] GET /images/favicon.ico HTTP/1.1 200 1150
0:0:0:0:0:0:0:1 - - [27/Apr/2018:13:17:43 +0530] GET /console/opendocumentclass?classid=1 HTTP/1.1 200 12099
0:0:0:0:0:0:0:1 - - [27/Apr/2018:13:17:44 +0530] GET /images/favicon.ico HTTP/1.1 200 1150
0:0:0:0:0:0:0:1 - - [27/Apr/2018:13:17:44 +0530] GET /console/opendocumentclass?classid=1 HTTP/1.1 200 12099
0:0:0:0:0:0:0:1 - - [27/Apr/2018:13:17:44 +0530] GET /images/favicon.ico HTTP/1.1 200 1150
0:0:0:0:0:0:0:1 - - [27/Apr/2018:13:17:44 +0530] GET /console/opendocumentclass?classid=1 HTTP/1.1 200 12099
0:0:0:0:0:0:0:1 - - [27/Apr/2018:13:17:44 +0530] GET /images/favicon.ico HTTP/1.1 200 1150
0:0:0:0:0:0:0:1 - - [27/Apr/2018:13:17:44 +0530] GET /console/opendocumentclass?classid=1 HTTP/1.1 200 12099
0:0:0:0:0:0:0:1 - - [27/Apr/2018:13:17:44 +0530] GET /images/favicon.ico HTTP/1.1 200 1150
0:0:0:0:0:0:0:1 - - [27/Apr/2018:13:17:44 +0530] GET /console/opendocumentclass?classid=1 HTTP/1.1 200 12099
0:0:0:0:0:0:0:1 - - [27/Apr/2018:13:17:44 +0530] GET /images/favicon.ico HTTP/1.1 200 1150
0:0:0:0:0:0:0:1 - - [27/Apr/2018:13:17:45 +0530] GET /console/opendocumentclass?classid=1 HTTP/1.1 200 12099
0:0:0:0:0:0:0:1 - - [27/Apr/2018:13:17:45 +0530] GET /console/opendocumentclass?classid=1 HTTP/1.1 200 12099
0:0:0:0:0:0:0:1 - - [27/Apr/2018:13:17:45 +0530] GET /images/favicon.ico HTTP/1.1 200 1150
0:0:0:0:0:0:0:1 - - [27/Apr/2018:13:17:46 +0530] GET /console/opendocumentclass?classid=1 HTTP/1.1 200 12099
0:0:0:0:0:0:0:1 - - [27/Apr/2018:13:17:46 +0530] GET /images/favicon.ico HTTP/1.1 200 1150
0:0:0:0:0:0:0:1 - - [27/Apr/2018:13:17:46 +0530] GET /console/opendocumentclass?classid=1 HTTP/1.1 200 12099
0:0:0:0:0:0:0:1 - - [27/Apr/2018:13:17:47 +0530] GET /images/favicon.ico HTTP/1.1 200 1150
0:0:0:0:0:0:0:1 - - [27/Apr/2018:13:17:47 +0530] GET /console/opendocumentclass?classid=1 HTTP/1.1 200 12099
0:0:0:0:0:0:0:1 - - [27/Apr/2018:13:17:47 +0530] GET /images/favicon.ico HTTP/1.1 200 1150
0:0:0:0:0:0:0:1 - - [27/Apr/2018:13:17:48 +0530] GET /console/opendocumentclass?classid=1 HTTP/1.1 200 12099
0:0:0:0:0:0:0:1 - - [27/Apr/2018:13:17:48 +0530] GET /images/favicon.ico HTTP/1.1 200 1150
0:0:0:0:0:0:0:1 - - [27/Apr/2018:13:17:49 +0530] GET /console/opendocumentclass?classid=1 HTTP/1.1 200 12099
0:0:0:0:0:0:0:1 - - [27/Apr/2018:13:17:49 +0530] GET /images/favicon.ico HTTP/1.1 200 1150
0:0:0:0:0:0:0:1 - - [27/Apr/2018:13:18:16 +0530] GET /console/opendocumentclass?classid=1 HTTP/1.1 200 12099
0:0:0:0:0:0:0:1 - - [27/Apr/2018:13:18:16 +0530] GET /images/favicon.ico HTTP/1.1 200 1150
0:0:0:0:0:0:0:1 - - [27/Apr/2018:13:18:17 +0530] GET /console/opendocumentclass?classid=1 HTTP/1.1 200 12099
0:0:0:0:0:0:0:1 - - [27/Apr/2018:13:18:17 +0530] GET /images/favicon.ico HTTP/1.1 200 1150
0:0:0:0:0:0:0:1 - - [27/Apr/2018:13:18:18 +0530] GET /console/opendocumentclass?classid=1 HTTP/1.1 200 12099
0:0:0:0:0:0:0:1 - - [27/Apr/2018:13:18:18 +0530] GET /images/favicon.ico HTTP/1.1 200 1150
0:0:0:0:0:0:0:1 - - [27/Apr/2018:13:18:18 +0530] GET /console/opendocumentclass?classid=1 HTTP/1.1 200 12099
0:0:0:0:0:0:0:1 - - [27/Apr/2018:13:18:18 +0530] GET /images/favicon.ico HTTP/1.1 200 1150
0:0:0:0:0:0:0:1 - - [27/Apr/2018:13:18:19 +0530] GET /console/opendocumentclass?classid=1 HTTP/1.1 200 12099
0:0:0:0:0:0:0:1 - - [27/Apr/2018:13:18:19 +0530] GET /images/favicon.ico HTTP/1.1 200 1150
0:0:0:0:0:0:0:1 - - [27/Apr/2018:13:18:19 +0530] GET /console/opendocumentclass?classid=1 HTTP/1.1 200 12099
0:0:0:0:0:0:0:1 - - [27/Apr/2018:13:18:20 +0530] GET /images/favicon.ico HTTP/1.1 200 1150
0:0:0:0:0:0:0:1 - - [27/Apr/2018:13:18:20 +0530] GET /console/opendocumentclass?classid=1 HTTP/1.1 200 12099
0:0:0:0:0:0:0:1 - - [27/Apr/2018:13:18:20 +0530] GET /images/favicon.ico HTTP/1.1 200 1150
0:0:0:0:0:0:0:1 - - [27/Apr/2018:13:18:20 +0530] GET /console/opendocumentclass?classid=1 HTTP/1.1 200 12099
0:0:0:0:0:0:0:1 - - [27/Apr/2018:13:18:20 +0530] GET /images/favicon.ico HTTP/1.1 200 1150
0:0:0:0:0:0:0:1 - - [27/Apr/2018:13:18:20 +0530] GET /console/opendocumentclass?classid=1 HTTP/1.1 200 12099
0:0:0:0:0:0:0:1 - - [27/Apr/2018:13:18:21 +0530] GET /images/favicon.ico HTTP/1.1 200 1150
0:0:0:0:0:0:0:1 - - [27/Apr/2018:13:18:21 +0530] GET /console/opendocumentclass?classid=1 HTTP/1.1 200 12099
0:0:0:0:0:0:0:1 - - [27/Apr/2018:13:18:21 +0530] GET /images/favicon.ico HTTP/1.1 200 1150
0:0:0:0:0:0:0:1 - - [27/Apr/2018:13:18:22 +0530] GET /console/opendocumentclass?classid=1 HTTP/1.1 200 12099
0:0:0:0:0:0:0:1 - - [27/Apr/2018:13:18:22 +0530] GET /images/favicon.ico HTTP/1.1 200 1150
0:0:0:0:0:0:0:1 - - [27/Apr/2018:13:18:22 +0530] GET /console/opendocumentclass?classid=1 HTTP/1.1 200 12099
0:0:0:0:0:0:0:1 - - [27/Apr/2018:13:18:22 +0530] GET /images/favicon.ico HTTP/1.1 200 1150
0:0:0:0:0:0:0:1 - - [27/Apr/2018:13:18:22 +0530] GET /console/opendocumentclass?classid=1 HTTP/1.1 200 12099
0:0:0:0:0:0:0:1 - - [27/Apr/2018:13:18:23 +0530] GET /images/favicon.ico HTTP/1.1 200 1150
0:0:0:0:0:0:0:1 - - [27/Apr/2018:13:18:23 +0530] GET /console/opendocumentclass?classid=1 HTTP/1.1 200 12099
0:0:0:0:0:0:0:1 - - [27/Apr/2018:13:18:23 +0530] GET /images/favicon.ico HTTP/1.1 200 1150
0:0:0:0:0:0:0:1 - - [27/Apr/2018:13:18:24 +0530] GET /console/opendocumentclass?classid=1 HTTP/1.1 200 12099
0:0:0:0:0:0:0:1 - - [27/Apr/2018:13:18:24 +0530] GET /images/favicon.ico HTTP/1.1 200 1150
0:0:0:0:0:0:0:1 - - [27/Apr/2018:13:18:42 +0530] POST /console/newdocument HTTP/1.1 200 -
0:0:0:0:0:0:0:1 - - [27/Apr/2018:13:19:32 +0530] GET /console/opendocumentclass?classid=1 HTTP/1.1 200 13067
0:0:0:0:0:0:0:1 - - [27/Apr/2018:13:19:32 +0530] GET /images/favicon.ico HTTP/1.1 200 1150
0:0:0:0:0:0:0:1 - - [27/Apr/2018:13:19:51 +0530] GET /cpanel HTTP/1.1 200 5252
0:0:0:0:0:0:0:1 - - [27/Apr/2018:13:20:58 +0530] GET /cpanel/reports HTTP/1.1 200 5627
0:0:0:0:0:0:0:1 - - [27/Apr/2018:13:21:00 +0530] GET /cpanel/summary HTTP/1.1 200 8647
0:0:0:0:0:0:0:1 - - [27/Apr/2018:13:21:46 +0530] GET /console HTTP/1.1 200 10074
0:0:0:0:0:0:0:1 - - [27/Apr/2018:13:21:46 +0530] GET /console/profilepicture?size=medium&username=ADMINISTRATOR HTTP/1.1 200 692
0:0:0:0:0:0:0:1 - - [27/Apr/2018:13:22:09 +0530] GET /logout HTTP/1.1 200 2687
0:0:0:0:0:0:0:1 - - [27/Apr/2018:13:25:57 +0530] GET / HTTP/1.1 200 3523
0:0:0:0:0:0:0:1 - - [27/Apr/2018:13:26:08 +0530] POST /login HTTP/1.1 302 -
0:0:0:0:0:0:0:1 - - [27/Apr/2018:13:26:08 +0530] GET /console HTTP/1.1 200 10022
0:0:0:0:0:0:0:1 - - [27/Apr/2018:13:26:09 +0530] GET /console/profilepicture?size=medium&username=ADMINISTRATOR HTTP/1.1 200 692
0:0:0:0:0:0:0:1 - - [27/Apr/2018:14:44:54 +0530] GET /console HTTP/1.1 302 -
0:0:0:0:0:0:0:1 - - [27/Apr/2018:14:44:54 +0530] GET / HTTP/1.1 200 3523
0:0:0:0:0:0:0:1 - - [27/Apr/2018:14:48:58 +0530] POST /login HTTP/1.1 200 3687
0:0:0:0:0:0:0:1 - - [27/Apr/2018:15:16:18 +0530] GET / HTTP/1.1 200 3523
0:0:0:0:0:0:0:1 - - [27/Apr/2018:15:16:19 +0530] GET /js/bootstrap.js HTTP/1.1 200 55258
0:0:0:0:0:0:0:1 - - [27/Apr/2018:15:16:19 +0530] GET /js/jquery.js HTTP/1.1 200 93435
0:0:0:0:0:0:0:1 - - [27/Apr/2018:15:16:19 +0530] GET /js/additional-methods.min.js HTTP/1.1 200 13819
0:0:0:0:0:0:0:1 - - [27/Apr/2018:15:16:19 +0530] GET /js/odometer.min.js HTTP/1.1 200 9896
0:0:0:0:0:0:0:1 - - [27/Apr/2018:15:16:19 +0530] GET /js/jquery.highlight.js HTTP/1.1 200 4089
0:0:0:0:0:0:0:1 - - [27/Apr/2018:15:16:19 +0530] GET /js/morris.js HTTP/1.1 200 60604
0:0:0:0:0:0:0:1 - - [27/Apr/2018:15:16:19 +0530] GET /js/bootstrap-dialog.js HTTP/1.1 200 21189
0:0:0:0:0:0:0:1 - - [27/Apr/2018:15:16:19 +0530] GET /js/raphael-min.js HTTP/1.1 200 90647
0:0:0:0:0:0:0:1 - - [27/Apr/2018:15:16:19 +0530] GET /js/bootstrap-datepicker.js HTTP/1.1 200 46821
0:0:0:0:0:0:0:1 - - [27/Apr/2018:15:16:19 +0530] GET /js/jquery.colorbox-min.js HTTP/1.1 200 11095
0:0:0:0:0:0:0:1 - - [27/Apr/2018:15:16:21 +0530] GET /js/scripts.js HTTP/1.1 200 -
0:0:0:0:0:0:0:1 - - [27/Apr/2018:15:16:21 +0530] GET /fonts/fontawesome-webfont.woff?v=4.1.0 HTTP/1.1 200 83760
0:0:0:0:0:0:0:1 - - [27/Apr/2018:15:29:46 +0530] POST /login HTTP/1.1 302 -
0:0:0:0:0:0:0:1 - - [27/Apr/2018:15:29:46 +0530] GET /console HTTP/1.1 200 10004
0:0:0:0:0:0:0:1 - - [27/Apr/2018:15:29:48 +0530] GET /console/profilepicture?size=medium&username=ADMINISTRATOR HTTP/1.1 200 692
0:0:0:0:0:0:0:1 - - [27/Apr/2018:15:29:55 +0530] GET /console/opendocumentclass?classid=1 HTTP/1.1 200 10165
0:0:0:0:0:0:0:1 - - [27/Apr/2018:15:29:55 +0530] GET /images/JPG.gif HTTP/1.1 200 942
0:0:0:0:0:0:0:1 - - [27/Apr/2018:15:29:55 +0530] GET /fonts/krystaldms-opensansitalic.woff HTTP/1.1 200 20224
0:0:0:0:0:0:0:1 - - [27/Apr/2018:15:30:06 +0530] POST /console/bulkdownload HTTP/1.1 200 -
0:0:0:0:0:0:0:1 - - [27/Apr/2018:15:30:06 +0530] GET /favicon.ico HTTP/1.1 404 -
0:0:0:0:0:0:0:1 - - [27/Apr/2018:15:30:06 +0530] GET /favicon.ico HTTP/1.1 404 -
0:0:0:0:0:0:0:1 - - [27/Apr/2018:15:30:16 +0530] POST /console/bulkdownload HTTP/1.1 200 -
0:0:0:0:0:0:0:1 - - [27/Apr/2018:15:31:12 +0530] GET / HTTP/1.1 200 3523
0:0:0:0:0:0:0:1 - - [27/Apr/2018:15:31:14 +0530] POST /login HTTP/1.1 302 -
0:0:0:0:0:0:0:1 - - [27/Apr/2018:15:31:14 +0530] GET /console HTTP/1.1 200 9980
0:0:0:0:0:0:0:1 - - [27/Apr/2018:15:31:14 +0530] GET /console/profilepicture?size=medium&username=ADMINISTRATOR HTTP/1.1 200 692
0:0:0:0:0:0:0:1 - - [27/Apr/2018:15:31:16 +0530] GET /console/opendocumentclass?classid=1 HTTP/1.1 200 10165
0:0:0:0:0:0:0:1 - - [27/Apr/2018:15:31:22 +0530] GET /console/opendocumentclass?classid=1 HTTP/1.1 200 10165
0:0:0:0:0:0:0:1 - - [27/Apr/2018:15:31:22 +0530] GET /css/bootstrap.css HTTP/1.1 200 129126
0:0:0:0:0:0:0:1 - - [27/Apr/2018:15:31:22 +0530] GET /css/sticky-footer-navbar.css HTTP/1.1 200 938
0:0:0:0:0:0:0:1 - - [27/Apr/2018:15:31:22 +0530] GET /css/datepicker.css HTTP/1.1 200 33704
0:0:0:0:0:0:0:1 - - [27/Apr/2018:15:31:22 +0530] GET /css/colorbox.css HTTP/1.1 200 4385
0:0:0:0:0:0:0:1 - - [27/Apr/2018:15:31:22 +0530] GET /js/jquery.js HTTP/1.1 200 93435
0:0:0:0:0:0:0:1 - - [27/Apr/2018:15:31:22 +0530] GET /js/jquery.validate.min.js HTTP/1.1 200 21069
0:0:0:0:0:0:0:1 - - [27/Apr/2018:15:31:22 +0530] GET /js/additional-methods.min.js HTTP/1.1 200 13819
0:0:0:0:0:0:0:1 - - [27/Apr/2018:15:31:22 +0530] GET /js/odometer.min.js HTTP/1.1 200 9896
0:0:0:0:0:0:0:1 - - [27/Apr/2018:15:31:22 +0530] GET /js/bootstrap-dialog.js HTTP/1.1 200 21189
0:0:0:0:0:0:0:1 - - [27/Apr/2018:15:31:22 +0530] GET /js/bootstrap-datepicker.js HTTP/1.1 200 46821
0:0:0:0:0:0:0:1 - - [27/Apr/2018:15:31:22 +0530] GET /js/bootstrap.js HTTP/1.1 200 55258
0:0:0:0:0:0:0:1 - - [27/Apr/2018:15:31:22 +0530] GET /css/bootstrap-dialog.css HTTP/1.1 200 2554
0:0:0:0:0:0:0:1 - - [27/Apr/2018:15:31:22 +0530] GET /js/jquery.colorbox-min.js HTTP/1.1 200 11095
0:0:0:0:0:0:0:1 - - [27/Apr/2018:15:31:22 +0530] GET /js/typeahead.min.js HTTP/1.1 200 21804
0:0:0:0:0:0:0:1 - - [27/Apr/2018:15:31:22 +0530] GET /js/morris.js HTTP/1.1 200 60604
0:0:0:0:0:0:0:1 - - [27/Apr/2018:15:31:22 +0530] GET /js/jquery.highlight.js HTTP/1.1 200 4089
0:0:0:0:0:0:0:1 - - [27/Apr/2018:15:31:22 +0530] GET /js/raphael-min.js HTTP/1.1 200 90647
0:0:0:0:0:0:0:1 - - [27/Apr/2018:15:31:22 +0530] GET /js/scripts.js HTTP/1.1 200 16197
0:0:0:0:0:0:0:1 - - [27/Apr/2018:15:31:22 +0530] GET /css/font-awesome.css HTTP/1.1 200 25197
0:0:0:0:0:0:0:1 - - [27/Apr/2018:15:31:22 +0530] GET /css/morris.css HTTP/1.1 200 443
0:0:0:0:0:0:0:1 - - [27/Apr/2018:15:31:22 +0530] GET /css/krystal.css HTTP/1.1 200 7246
0:0:0:0:0:0:0:1 - - [27/Apr/2018:15:31:23 +0530] GET /images/krystal.png HTTP/1.1 200 7835
0:0:0:0:0:0:0:1 - - [27/Apr/2018:15:31:23 +0530] GET /images/JPG.gif HTTP/1.1 200 942
0:0:0:0:0:0:0:1 - - [27/Apr/2018:15:31:23 +0530] GET /images/primeleaf.jpg HTTP/1.1 200 1719
0:0:0:0:0:0:0:1 - - [27/Apr/2018:15:31:23 +0530] GET /fonts/krystaldms-opensanslight.woff HTTP/1.1 200 21744
0:0:0:0:0:0:0:1 - - [27/Apr/2018:15:31:23 +0530] GET /fonts/krystaldms-opensans.woff HTTP/1.1 200 20544
0:0:0:0:0:0:0:1 - - [27/Apr/2018:15:31:23 +0530] GET /fonts/fontawesome-webfont.woff?v=4.1.0 HTTP/1.1 200 83760
0:0:0:0:0:0:0:1 - - [27/Apr/2018:15:31:23 +0530] GET /fonts/krystaldms-opensansitalic.woff HTTP/1.1 200 20224
0:0:0:0:0:0:0:1 - - [27/Apr/2018:15:31:28 +0530] POST /console/bulkdelete HTTP/1.1 200 4634
0:0:0:0:0:0:0:1 - - [27/Apr/2018:15:31:32 +0530] GET /console HTTP/1.1 200 9932
0:0:0:0:0:0:0:1 - - [27/Apr/2018:15:31:32 +0530] GET /console/profilepicture?size=medium&username=ADMINISTRATOR HTTP/1.1 200 692
0:0:0:0:0:0:0:1 - - [27/Apr/2018:15:31:35 +0530] GET /cpanel HTTP/1.1 200 5252
0:0:0:0:0:0:0:1 - - [27/Apr/2018:15:31:36 +0530] GET /cpanel/recyclebin HTTP/1.1 200 5222
0:0:0:0:0:0:0:1 - - [27/Apr/2018:15:31:38 +0530] GET /cpanel/recyclebincontent?type=D&classid=1 HTTP/1.1 200 7032
0:0:0:0:0:0:0:1 - - [27/Apr/2018:15:31:40 +0530] GET /cpanel/restoredocument?documentid=1&revisionid=1.0&classid=1&mode=R HTTP/1.1 200 5403
0:0:0:0:0:0:0:1 - - [27/Apr/2018:15:31:40 +0530] GET /fonts/krystaldms-opensansbold.woff HTTP/1.1 200 21272
0:0:0:0:0:0:0:1 - - [27/Apr/2018:15:31:41 +0530] GET /cpanel/recyclebincontent?type=D&classid=1 HTTP/1.1 200 6440
0:0:0:0:0:0:0:1 - - [27/Apr/2018:15:31:42 +0530] GET /cpanel/restoredocument?documentid=2&revisionid=1.0&classid=1&mode=R HTTP/1.1 200 5403
0:0:0:0:0:0:0:1 - - [27/Apr/2018:15:31:43 +0530] GET /cpanel/recyclebincontent?type=D&classid=1 HTTP/1.1 200 5848
0:0:0:0:0:0:0:1 - - [27/Apr/2018:15:31:44 +0530] GET /cpanel/restoredocument?documentid=3&revisionid=1.0&classid=1&mode=R HTTP/1.1 200 4991
0:0:0:0:0:0:0:1 - - [27/Apr/2018:15:31:46 +0530] GET /console HTTP/1.1 200 10068
0:0:0:0:0:0:0:1 - - [27/Apr/2018:15:31:46 +0530] GET /console/profilepicture?size=medium&username=ADMINISTRATOR HTTP/1.1 200 692
0:0:0:0:0:0:0:1 - - [27/Apr/2018:15:31:48 +0530] GET /console/opendocumentclass?classid=1 HTTP/1.1 200 10165
0:0:0:0:0:0:0:1 - - [27/Apr/2018:15:31:58 +0530] POST /console/bulkdownload HTTP/1.1 200 -
0:0:0:0:0:0:0:1 - - [27/Apr/2018:15:33:47 +0530] GET / HTTP/1.1 302 -
0:0:0:0:0:0:0:1 - - [27/Apr/2018:15:33:47 +0530] GET /console HTTP/1.1 200 10068
0:0:0:0:0:0:0:1 - - [27/Apr/2018:15:33:48 +0530] GET /console/profilepicture?size=medium&username=ADMINISTRATOR HTTP/1.1 200 692
0:0:0:0:0:0:0:1 - - [27/Apr/2018:15:37:56 +0530] GET / HTTP/1.1 200 3523
0:0:0:0:0:0:0:1 - - [27/Apr/2018:15:38:03 +0530] GET /console HTTP/1.1 302 -
0:0:0:0:0:0:0:1 - - [27/Apr/2018:15:38:03 +0530] GET / HTTP/1.1 200 3523
0:0:0:0:0:0:0:1 - - [27/Apr/2018:15:38:06 +0530] POST /login HTTP/1.1 302 -
0:0:0:0:0:0:0:1 - - [27/Apr/2018:15:38:07 +0530] GET /console HTTP/1.1 200 10068
0:0:0:0:0:0:0:1 - - [27/Apr/2018:15:38:07 +0530] GET /console/profilepicture?size=medium&username=ADMINISTRATOR HTTP/1.1 200 692
0:0:0:0:0:0:0:1 - - [27/Apr/2018:15:38:09 +0530] GET /console/opendocumentclass?classid=1 HTTP/1.1 200 10165
0:0:0:0:0:0:0:1 - - [27/Apr/2018:15:38:13 +0530] POST /console/bulkdownload HTTP/1.1 200 580841
0:0:0:0:0:0:0:1 - - [27/Apr/2018:15:38:56 +0530] GET /console/opendocumentclass?&classid=1&mode=pdf HTTP/1.1 200 1720
0:0:0:0:0:0:0:1 - - [27/Apr/2018:15:38:59 +0530] GET /cpanel HTTP/1.1 200 5252
0:0:0:0:0:0:0:1 - - [27/Apr/2018:15:39:03 +0530] GET /cpanel/managedocumentclasses HTTP/1.1 200 7262
0:0:0:0:0:0:0:1 - - [27/Apr/2018:15:39:07 +0530] GET /cpanel/permissions?classid=1 HTTP/1.1 200 8820
0:0:0:0:0:0:0:1 - - [27/Apr/2018:15:39:24 +0530] GET /cpanel/managedocumentclasses HTTP/1.1 200 7262
0:0:0:0:0:0:0:1 - - [27/Apr/2018:15:39:26 +0530] GET /cpanel/permissions?classid=1 HTTP/1.1 200 8820
0:0:0:0:0:0:0:1 - - [27/Apr/2018:15:39:33 +0530] GET /cpanel/managedocumentclasses HTTP/1.1 200 7262
0:0:0:0:0:0:0:1 - - [27/Apr/2018:15:39:35 +0530] GET /cpanel/permissions?classid=3 HTTP/1.1 200 8810
0:0:0:0:0:0:0:1 - - [27/Apr/2018:15:39:40 +0530] GET /cpanel/managedocumentclasses HTTP/1.1 200 7262
0:0:0:0:0:0:0:1 - - [27/Apr/2018:15:39:42 +0530] GET /cpanel HTTP/1.1 200 5252
0:0:0:0:0:0:0:1 - - [27/Apr/2018:15:39:45 +0530] GET /console HTTP/1.1 200 10068
0:0:0:0:0:0:0:1 - - [27/Apr/2018:15:39:45 +0530] GET /console/profilepicture?size=medium&username=ADMINISTRATOR HTTP/1.1 200 692
0:0:0:0:0:0:0:1 - - [27/Apr/2018:15:39:49 +0530] GET /console/opendocumentclass?classid=1 HTTP/1.1 200 10165
0:0:0:0:0:0:0:1 - - [27/Apr/2018:15:40:04 +0530] GET /console HTTP/1.1 200 10067
0:0:0:0:0:0:0:1 - - [27/Apr/2018:15:40:04 +0530] GET /console/profilepicture?size=medium&username=ADMINISTRATOR HTTP/1.1 200 692
0:0:0:0:0:0:0:1 - - [27/Apr/2018:15:40:18 +0530] GET /cpanel HTTP/1.1 200 5252
0:0:0:0:0:0:0:1 - - [27/Apr/2018:15:40:19 +0530] GET /cpanel/managedocumentclasses HTTP/1.1 200 7262
0:0:0:0:0:0:0:1 - - [27/Apr/2018:15:40:21 +0530] GET /cpanel/permissions?classid=3 HTTP/1.1 200 8810
0:0:0:0:0:0:0:1 - - [27/Apr/2018:15:40:23 +0530] GET /cpanel HTTP/1.1 200 5252
0:0:0:0:0:0:0:1 - - [27/Apr/2018:15:40:24 +0530] GET /cpanel/users HTTP/1.1 200 5598
0:0:0:0:0:0:0:1 - - [27/Apr/2018:15:40:30 +0530] GET /cpanel/edituser?userid=1 HTTP/1.1 200 7524
0:0:0:0:0:0:0:1 - - [27/Apr/2018:15:40:34 +0530] GET /cpanel/users HTTP/1.1 200 5598
0:0:0:0:0:0:0:1 - - [27/Apr/2018:15:40:36 +0530] GET /cpanel/newuser HTTP/1.1 200 7604
0:0:0:0:0:0:0:1 - - [27/Apr/2018:15:41:06 +0530] POST /cpanel/newuser HTTP/1.1 200 5775
0:0:0:0:0:0:0:1 - - [27/Apr/2018:15:41:10 +0530] GET /cpanel/newuser HTTP/1.1 200 7604
0:0:0:0:0:0:0:1 - - [27/Apr/2018:15:41:36 +0530] POST /cpanel/newuser HTTP/1.1 200 6338
0:0:0:0:0:0:0:1 - - [27/Apr/2018:15:41:38 +0530] GET /cpanel HTTP/1.1 200 5252
0:0:0:0:0:0:0:1 - - [27/Apr/2018:15:41:40 +0530] GET /cpanel/managedocumentclasses HTTP/1.1 200 7262
0:0:0:0:0:0:0:1 - - [27/Apr/2018:15:41:41 +0530] GET /cpanel/permissions?classid=1 HTTP/1.1 200 9940
0:0:0:0:0:0:0:1 - - [27/Apr/2018:15:41:45 +0530] POST /cpanel/setpermissions HTTP/1.1 200 7468
0:0:0:0:0:0:0:1 - - [27/Apr/2018:15:41:47 +0530] GET /cpanel/permissions?classid=1 HTTP/1.1 200 10021
0:0:0:0:0:0:0:1 - - [27/Apr/2018:15:41:54 +0530] POST /cpanel/setpermissions HTTP/1.1 200 7468
0:0:0:0:0:0:0:1 - - [27/Apr/2018:15:41:55 +0530] GET /cpanel/permissions?classid=1 HTTP/1.1 200 9967
0:0:0:0:0:0:0:1 - - [27/Apr/2018:15:41:59 +0530] POST /cpanel/setpermissions HTTP/1.1 200 7468
0:0:0:0:0:0:0:1 - - [27/Apr/2018:15:42:00 +0530] GET /cpanel/permissions?classid=1 HTTP/1.1 200 9976
0:0:0:0:0:0:0:1 - - [27/Apr/2018:15:42:05 +0530] GET /cpanel HTTP/1.1 200 5252
0:0:0:0:0:0:0:1 - - [27/Apr/2018:15:42:21 +0530] GET /cpanel/managecheckouts HTTP/1.1 200 6082
0:0:0:0:0:0:0:1 - - [27/Apr/2018:15:42:25 +0530] POST /cpanel/managecheckouts HTTP/1.1 200 6264
0:0:0:0:0:0:0:1 - - [27/Apr/2018:15:42:28 +0530] GET /console HTTP/1.1 200 10086
0:0:0:0:0:0:0:1 - - [27/Apr/2018:15:42:28 +0530] GET /console/profilepicture?size=medium&username=ADMINISTRATOR HTTP/1.1 200 692
0:0:0:0:0:0:0:1 - - [27/Apr/2018:15:42:48 +0530] GET /cpanel HTTP/1.1 200 5252
0:0:0:0:0:0:0:1 - - [27/Apr/2018:15:42:50 +0530] GET /cpanel/managedocumentclasses HTTP/1.1 200 7262
0:0:0:0:0:0:0:1 - - [27/Apr/2018:15:42:51 +0530] GET /cpanel/permissions?classid=1 HTTP/1.1 200 9976
0:0:0:0:0:0:0:1 - - [27/Apr/2018:15:42:56 +0530] GET /cpanel HTTP/1.1 200 5252
0:0:0:0:0:0:0:1 - - [27/Apr/2018:15:42:58 +0530] GET /cpanel/users HTTP/1.1 200 6151
0:0:0:0:0:0:0:1 - - [27/Apr/2018:15:42:59 +0530] GET /console HTTP/1.1 200 10086
0:0:0:0:0:0:0:1 - - [27/Apr/2018:15:42:59 +0530] GET /console/profilepicture?size=medium&username=ADMINISTRATOR HTTP/1.1 200 692
0:0:0:0:0:0:0:1 - - [27/Apr/2018:15:43:01 +0530] GET /console/opendocumentclass?classid=1 HTTP/1.1 200 10165
0:0:0:0:0:0:0:1 - - [27/Apr/2018:15:43:11 +0530] POST /console/bulkdownload HTTP/1.1 200 580841
0:0:0:0:0:0:0:1 - - [27/Apr/2018:15:43:16 +0530] GET /console/opendocumentclass?&classid=1&mode=pdf HTTP/1.1 200 1720
0:0:0:0:0:0:0:1 - - [27/Apr/2018:15:46:18 +0530] GET /cpanel HTTP/1.1 200 5252
0:0:0:0:0:0:0:1 - - [27/Apr/2018:15:46:23 +0530] GET /console HTTP/1.1 200 10083
0:0:0:0:0:0:0:1 - - [27/Apr/2018:15:46:24 +0530] GET /console/profilepicture?size=medium&username=ADMINISTRATOR HTTP/1.1 200 692
0:0:0:0:0:0:0:1 - - [27/Apr/2018:15:46:26 +0530] GET /console/opendocumentclass?classid=1 HTTP/1.1 200 10163
0:0:0:0:0:0:0:1 - - [27/Apr/2018:15:46:35 +0530] GET /cpanel HTTP/1.1 200 5252
0:0:0:0:0:0:0:1 - - [27/Apr/2018:15:46:39 +0530] GET /cpanel HTTP/1.1 200 5252
0:0:0:0:0:0:0:1 - - [27/Apr/2018:15:46:41 +0530] GET /cpanel/managedocumentclasses HTTP/1.1 200 7262
0:0:0:0:0:0:0:1 - - [27/Apr/2018:15:46:45 +0530] POST /console/search HTTP/1.1 200 5443
0:0:0:0:0:0:0:1 - - [27/Apr/2018:15:46:50 +0530] GET /console HTTP/1.1 200 10106
0:0:0:0:0:0:0:1 - - [27/Apr/2018:15:46:50 +0530] GET /console/profilepicture?size=medium&username=ADMINISTRATOR HTTP/1.1 200 692
0:0:0:0:0:0:0:1 - - [27/Apr/2018:15:46:54 +0530] GET /console/opendocumentclass?classid=2 HTTP/1.1 200 10167
0:0:0:0:0:0:0:1 - - [27/Apr/2018:15:46:58 +0530] POST /console/search HTTP/1.1 200 4990
0:0:0:0:0:0:0:1 - - [27/Apr/2018:15:47:01 +0530] GET /console HTTP/1.1 200 10107
0:0:0:0:0:0:0:1 - - [27/Apr/2018:15:47:01 +0530] GET /console/profilepicture?size=medium&username=ADMINISTRATOR HTTP/1.1 200 692
0:0:0:0:0:0:0:1 - - [27/Apr/2018:15:58:02 +0530] GET /console/searchdocumentclass?classid=1 HTTP/1.1 200 8726
0:0:0:0:0:0:0:1 - - [27/Apr/2018:15:58:07 +0530] GET /console HTTP/1.1 200 10107
0:0:0:0:0:0:0:1 - - [27/Apr/2018:15:58:08 +0530] GET /console/profilepicture?size=medium&username=ADMINISTRATOR HTTP/1.1 200 692
0:0:0:0:0:0:0:1 - - [27/Apr/2018:15:58:10 +0530] GET /console/opendocumentclass?classid=1 HTTP/1.1 200 10163
0:0:0:0:0:0:0:1 - - [27/Apr/2018:16:07:25 +0530] POST /console/search HTTP/1.1 200 4984
0:0:0:0:0:0:0:1 - - [27/Apr/2018:16:07:28 +0530] GET /console HTTP/1.1 200 10107
0:0:0:0:0:0:0:1 - - [27/Apr/2018:16:07:28 +0530] GET /console/profilepicture?size=medium&username=ADMINISTRATOR HTTP/1.1 200 692
0:0:0:0:0:0:0:1 - - [27/Apr/2018:17:42:06 +0530] GET /console HTTP/1.1 302 -
0:0:0:0:0:0:0:1 - - [27/Apr/2018:17:42:06 +0530] GET / HTTP/1.1 200 3523
0:0:0:0:0:0:0:1 - - [27/Apr/2018:17:42:07 +0530] POST /login HTTP/1.1 302 -
0:0:0:0:0:0:0:1 - - [27/Apr/2018:17:42:07 +0530] GET /console HTTP/1.1 200 10084
0:0:0:0:0:0:0:1 - - [27/Apr/2018:17:42:08 +0530] GET /console/profilepicture?size=medium&username=ADMINISTRATOR HTTP/1.1 200 692
0:0:0:0:0:0:0:1 - - [27/Apr/2018:17:46:20 +0530] GET /console HTTP/1.1 200 10084
0:0:0:0:0:0:0:1 - - [27/Apr/2018:17:46:21 +0530] GET /console/profilepicture?size=medium&username=ADMINISTRATOR HTTP/1.1 200 692
